"../../../../../../Users/J Diddy/Documents/Unreal Projects/ElevatingAction/Content/ElevatingActionAudio/GameMasterAudio/S_SoundEffects_Class.uasset" 0
"../../../../../../Users/J Diddy/Documents/Unreal Projects/ElevatingAction/Content/ElevatingActionAudio/GameMasterAudio/SecretAgentVoices/S_Voices_Class.uasset" 1
"../../../../../../Users/J Diddy/Documents/Unreal Projects/ElevatingAction/Content/ElevatingActionAudio/S_Master_Class.uasset" 2
"../../../../../../Users/J Diddy/Documents/Unreal Projects/ElevatingAction/Content/ElevatingActionAudio/ElectronicAbstractMusicPack/S_Music_Class.uasset" 3
"../../../../../../Users/J Diddy/Documents/Unreal Projects/ElevatingAction/Content/ElevatingActionAudio/ScM_ElevatingActionAudio.uasset" 4
"../../../../../../Users/J Diddy/Documents/Unreal Projects/ElevatingAction/Content/ElevatingActionAudio/SM_ElevatingActionAudio.uasset" 5
"../../../../../../Users/J Diddy/Documents/Unreal Projects/ElevatingAction/Content/ElevatingActionAudio/ElectronicAbstractMusicPack/Abstract_Vision__1.uasset" 6
"../../../../../../Users/J Diddy/Documents/Unreal Projects/ElevatingAction/Content/ElevatingActionAudio/ElectronicAbstractMusicPack/Abstract_Vision__10.uasset" 7
"../../../../../../Users/J Diddy/Documents/Unreal Projects/ElevatingAction/Content/ElevatingActionAudio/ElectronicAbstractMusicPack/Abstract_Vision__2.uasset" 8
"../../../../../../Users/J Diddy/Documents/Unreal Projects/ElevatingAction/Content/ElevatingActionAudio/ElectronicAbstractMusicPack/Abstract_Vision__4.uasset" 9
"../../../../../../Users/J Diddy/Documents/Unreal Projects/ElevatingAction/Content/ElevatingActionAudio/ElectronicAbstractMusicPack/Abstract_Vision__5.uasset" 10
"../../../../../../Users/J Diddy/Documents/Unreal Projects/ElevatingAction/Content/ElevatingActionAudio/ElectronicAbstractMusicPack/Abstract_Vision__6.uasset" 11
"../../../../../../Users/J Diddy/Documents/Unreal Projects/ElevatingAction/Content/ElevatingActionAudio/ElectronicAbstractMusicPack/Abstract_Vision__8.uasset" 12
"../../../../../../Users/J Diddy/Documents/Unreal Projects/ElevatingAction/Content/ElevatingActionAudio/ElectronicAbstractMusicPack/Abstract_Vision__9.uasset" 13
"../../../../../../Users/J Diddy/Documents/Unreal Projects/ElevatingAction/Content/ElevatingActionAudio/GameMasterAudio/ElevatorButtonSignal/alarm_siren_loop_04.uasset" 14
"../../../../../../Users/J Diddy/Documents/Unreal Projects/ElevatingAction/Content/ElevatingActionAudio/GameMasterAudio/ElevatorButtonSignal/hum_electric_neon_light_loop_01.uasset" 15
"../../../../../../Users/J Diddy/Documents/Unreal Projects/ElevatingAction/Content/ElevatingActionAudio/GameMasterAudio/ElevatorButtonSignal/switch_button_push_on_off_10.uasset" 16
"../../../../../../Users/J Diddy/Documents/Unreal Projects/ElevatingAction/Content/ElevatingActionAudio/GameMasterAudio/ElevatorButtonSignal/S_ElevatorButtonClick_Cue.uasset" 17
"../../../../../../Users/J Diddy/Documents/Unreal Projects/ElevatingAction/Content/ElevatingActionAudio/GameMasterAudio/ElevatorMoving/door_metal_draw_slide_close_02.uasset" 18
"../../../../../../Users/J Diddy/Documents/Unreal Projects/ElevatingAction/Content/ElevatingActionAudio/GameMasterAudio/ElevatorMoving/door_metal_draw_slide_open_01.uasset" 19
"../../../../../../Users/J Diddy/Documents/Unreal Projects/ElevatingAction/Content/ElevatingActionAudio/GameMasterAudio/ElevatorMoving/elevator_loop_01.uasset" 20
"../../../../../../Users/J Diddy/Documents/Unreal Projects/ElevatingAction/Content/ElevatingActionAudio/GameMasterAudio/ElevatorMoving/elevator_loop_02.uasset" 21
"../../../../../../Users/J Diddy/Documents/Unreal Projects/ElevatingAction/Content/ElevatingActionAudio/GameMasterAudio/LampBreakingSounds/glass_smashable_small_break_01.uasset" 22
"../../../../../../Users/J Diddy/Documents/Unreal Projects/ElevatingAction/Content/ElevatingActionAudio/GameMasterAudio/LampBreakingSounds/glass_smashable_small_break_02.uasset" 23
"../../../../../../Users/J Diddy/Documents/Unreal Projects/ElevatingAction/Content/ElevatingActionAudio/GameMasterAudio/LampBreakingSounds/glass_smashable_small_break_03.uasset" 24
"../../../../../../Users/J Diddy/Documents/Unreal Projects/ElevatingAction/Content/ElevatingActionAudio/GameMasterAudio/PistolTriggerPulledSounds/sci-fi_weapon_plasma_pistol_04.uasset" 25
"../../../../../../Users/J Diddy/Documents/Unreal Projects/ElevatingAction/Content/ElevatingActionAudio/GameMasterAudio/PistolTriggerPulledSounds/S_ProjectileShot_Cue.uasset" 26
"../../../../../../Users/J Diddy/Documents/Unreal Projects/ElevatingAction/Content/ElevatingActionAudio/GameMasterAudio/SecretAgentFootsteps/InsideOffice/Land/footstep_wood_land_03.uasset" 27
"../../../../../../Users/J Diddy/Documents/Unreal Projects/ElevatingAction/Content/ElevatingActionAudio/GameMasterAudio/SecretAgentFootsteps/InsideOffice/Land/footstep_wood_land_06.uasset" 28
"../../../../../../Users/J Diddy/Documents/Unreal Projects/ElevatingAction/Content/ElevatingActionAudio/GameMasterAudio/SecretAgentFootsteps/InsideOffice/Land/footstep_wood_land_v2_01.uasset" 29
"../../../../../../Users/J Diddy/Documents/Unreal Projects/ElevatingAction/Content/ElevatingActionAudio/GameMasterAudio/SecretAgentFootsteps/InsideOffice/Land/footstep_wood_land_v2_02.uasset" 30
"../../../../../../Users/J Diddy/Documents/Unreal Projects/ElevatingAction/Content/ElevatingActionAudio/GameMasterAudio/SecretAgentFootsteps/InsideOffice/Land/footstep_wood_land_v2_03.uasset" 31
"../../../../../../Users/J Diddy/Documents/Unreal Projects/ElevatingAction/Content/ElevatingActionAudio/GameMasterAudio/SecretAgentFootsteps/InsideOffice/Land/footstep_wood_land_v2_04.uasset" 32
"../../../../../../Users/J Diddy/Documents/Unreal Projects/ElevatingAction/Content/ElevatingActionAudio/GameMasterAudio/SecretAgentFootsteps/InsideOffice/Land/footstep_wood_land_v2_05.uasset" 33
"../../../../../../Users/J Diddy/Documents/Unreal Projects/ElevatingAction/Content/ElevatingActionAudio/GameMasterAudio/SecretAgentFootsteps/InsideOffice/Land/footstep_wood_land_v2_06.uasset" 34
"../../../../../../Users/J Diddy/Documents/Unreal Projects/ElevatingAction/Content/ElevatingActionAudio/GameMasterAudio/SecretAgentFootsteps/InsideOffice/Run/footstep_wood_run_01.uasset" 35
"../../../../../../Users/J Diddy/Documents/Unreal Projects/ElevatingAction/Content/ElevatingActionAudio/GameMasterAudio/SecretAgentFootsteps/InsideOffice/Run/footstep_wood_run_02.uasset" 36
"../../../../../../Users/J Diddy/Documents/Unreal Projects/ElevatingAction/Content/ElevatingActionAudio/GameMasterAudio/SecretAgentFootsteps/InsideOffice/Run/footstep_wood_run_03.uasset" 37
"../../../../../../Users/J Diddy/Documents/Unreal Projects/ElevatingAction/Content/ElevatingActionAudio/GameMasterAudio/SecretAgentFootsteps/InsideOffice/Run/footstep_wood_run_04.uasset" 38
"../../../../../../Users/J Diddy/Documents/Unreal Projects/ElevatingAction/Content/ElevatingActionAudio/GameMasterAudio/SecretAgentFootsteps/InsideOffice/Run/footstep_wood_run_05.uasset" 39
"../../../../../../Users/J Diddy/Documents/Unreal Projects/ElevatingAction/Content/ElevatingActionAudio/GameMasterAudio/SecretAgentFootsteps/InsideOffice/Run/footstep_wood_run_06.uasset" 40
"../../../../../../Users/J Diddy/Documents/Unreal Projects/ElevatingAction/Content/ElevatingActionAudio/GameMasterAudio/SecretAgentFootsteps/InsideOffice/Run/footstep_wood_run_07.uasset" 41
"../../../../../../Users/J Diddy/Documents/Unreal Projects/ElevatingAction/Content/ElevatingActionAudio/GameMasterAudio/SecretAgentFootsteps/InsideOffice/Run/footstep_wood_run_08.uasset" 42
"../../../../../../Users/J Diddy/Documents/Unreal Projects/ElevatingAction/Content/ElevatingActionAudio/GameMasterAudio/SecretAgentFootsteps/InsideOffice/Run/footstep_wood_run_09.uasset" 43
"../../../../../../Users/J Diddy/Documents/Unreal Projects/ElevatingAction/Content/ElevatingActionAudio/GameMasterAudio/SecretAgentFootsteps/InsideOffice/Run/footstep_wood_run_10.uasset" 44
"../../../../../../Users/J Diddy/Documents/Unreal Projects/ElevatingAction/Content/ElevatingActionAudio/GameMasterAudio/SecretAgentFootsteps/InsideOffice/Run/footstep_wood_run_11.uasset" 45
"../../../../../../Users/J Diddy/Documents/Unreal Projects/ElevatingAction/Content/ElevatingActionAudio/GameMasterAudio/SecretAgentFootsteps/InsideOffice/Run/footstep_wood_run_12.uasset" 46
"../../../../../../Users/J Diddy/Documents/Unreal Projects/ElevatingAction/Content/ElevatingActionAudio/GameMasterAudio/SecretAgentFootsteps/InsideOffice/Run/footstep_wood_run_13.uasset" 47
"../../../../../../Users/J Diddy/Documents/Unreal Projects/ElevatingAction/Content/ElevatingActionAudio/GameMasterAudio/SecretAgentFootsteps/InsideOffice/Run/footstep_wood_run_14.uasset" 48
"../../../../../../Users/J Diddy/Documents/Unreal Projects/ElevatingAction/Content/ElevatingActionAudio/GameMasterAudio/SecretAgentFootsteps/InsideOffice/Run/footstep_wood_run_15.uasset" 49
"../../../../../../Users/J Diddy/Documents/Unreal Projects/ElevatingAction/Content/ElevatingActionAudio/GameMasterAudio/SecretAgentFootsteps/InsideOffice/Run/footstep_wood_run_16.uasset" 50
"../../../../../../Users/J Diddy/Documents/Unreal Projects/ElevatingAction/Content/ElevatingActionAudio/GameMasterAudio/SecretAgentFootsteps/InsideOffice/Run/footstep_wood_run_17.uasset" 51
"../../../../../../Users/J Diddy/Documents/Unreal Projects/ElevatingAction/Content/ElevatingActionAudio/GameMasterAudio/SecretAgentFootsteps/InsideOffice/Run/footstep_wood_run_18.uasset" 52
"../../../../../../Users/J Diddy/Documents/Unreal Projects/ElevatingAction/Content/ElevatingActionAudio/GameMasterAudio/SecretAgentFootsteps/InsideOffice/Walk/footstep_wood_walk_01.uasset" 53
"../../../../../../Users/J Diddy/Documents/Unreal Projects/ElevatingAction/Content/ElevatingActionAudio/GameMasterAudio/SecretAgentFootsteps/InsideOffice/Walk/footstep_wood_walk_02.uasset" 54
"../../../../../../Users/J Diddy/Documents/Unreal Projects/ElevatingAction/Content/ElevatingActionAudio/GameMasterAudio/SecretAgentFootsteps/InsideOffice/Walk/footstep_wood_walk_03.uasset" 55
"../../../../../../Users/J Diddy/Documents/Unreal Projects/ElevatingAction/Content/ElevatingActionAudio/GameMasterAudio/SecretAgentFootsteps/InsideOffice/Walk/footstep_wood_walk_04.uasset" 56
"../../../../../../Users/J Diddy/Documents/Unreal Projects/ElevatingAction/Content/ElevatingActionAudio/GameMasterAudio/SecretAgentFootsteps/InsideOffice/Walk/footstep_wood_walk_05.uasset" 57
"../../../../../../Users/J Diddy/Documents/Unreal Projects/ElevatingAction/Content/ElevatingActionAudio/GameMasterAudio/SecretAgentFootsteps/InsideOffice/Walk/footstep_wood_walk_06.uasset" 58
"../../../../../../Users/J Diddy/Documents/Unreal Projects/ElevatingAction/Content/ElevatingActionAudio/GameMasterAudio/SecretAgentFootsteps/InsideOffice/Walk/footstep_wood_walk_07.uasset" 59
"../../../../../../Users/J Diddy/Documents/Unreal Projects/ElevatingAction/Content/ElevatingActionAudio/GameMasterAudio/SecretAgentFootsteps/InsideOffice/Walk/footstep_wood_walk_08.uasset" 60
"../../../../../../Users/J Diddy/Documents/Unreal Projects/ElevatingAction/Content/ElevatingActionAudio/GameMasterAudio/SecretAgentFootsteps/InsideOffice/Walk/footstep_wood_walk_09.uasset" 61
"../../../../../../Users/J Diddy/Documents/Unreal Projects/ElevatingAction/Content/ElevatingActionAudio/GameMasterAudio/SecretAgentFootsteps/InsideOffice/Walk/footstep_wood_walk_10.uasset" 62
"../../../../../../Users/J Diddy/Documents/Unreal Projects/ElevatingAction/Content/ElevatingActionAudio/GameMasterAudio/SecretAgentFootsteps/InsideOffice/Walk/footstep_wood_walk_11.uasset" 63
"../../../../../../Users/J Diddy/Documents/Unreal Projects/ElevatingAction/Content/ElevatingActionAudio/GameMasterAudio/SecretAgentFootsteps/InsideOffice/Walk/footstep_wood_walk_12.uasset" 64
"../../../../../../Users/J Diddy/Documents/Unreal Projects/ElevatingAction/Content/ElevatingActionAudio/GameMasterAudio/SecretAgentFootsteps/InsideOffice/Walk/footstep_wood_walk_13.uasset" 65
"../../../../../../Users/J Diddy/Documents/Unreal Projects/ElevatingAction/Content/ElevatingActionAudio/GameMasterAudio/SecretAgentFootsteps/InsideOffice/Walk/footstep_wood_walk_14.uasset" 66
"../../../../../../Users/J Diddy/Documents/Unreal Projects/ElevatingAction/Content/ElevatingActionAudio/GameMasterAudio/SecretAgentFootsteps/InsideOffice/Walk/footstep_wood_walk_15.uasset" 67
"../../../../../../Users/J Diddy/Documents/Unreal Projects/ElevatingAction/Content/ElevatingActionAudio/GameMasterAudio/SecretAgentFootsteps/InsideOffice/Walk/footstep_wood_walk_16.uasset" 68
"../../../../../../Users/J Diddy/Documents/Unreal Projects/ElevatingAction/Content/ElevatingActionAudio/GameMasterAudio/SecretAgentFootsteps/InsideOffice/Walk/footstep_wood_walk_17.uasset" 69
"../../../../../../Users/J Diddy/Documents/Unreal Projects/ElevatingAction/Content/ElevatingActionAudio/GameMasterAudio/SecretAgentFootsteps/InsideOffice/Walk/footstep_wood_walk_18.uasset" 70
"../../../../../../Users/J Diddy/Documents/Unreal Projects/ElevatingAction/Content/ElevatingActionAudio/GameMasterAudio/SecretAgentFootsteps/InsideOffice/Walk/footstep_wood_walk_19.uasset" 71
"../../../../../../Users/J Diddy/Documents/Unreal Projects/ElevatingAction/Content/ElevatingActionAudio/GameMasterAudio/SecretAgentFootsteps/InsideOffice/Walk/footstep_wood_walk_20.uasset" 72
"../../../../../../Users/J Diddy/Documents/Unreal Projects/ElevatingAction/Content/ElevatingActionAudio/GameMasterAudio/SecretAgentFootsteps/OutsideOffice/footstep_concrete_run_01.uasset" 73
"../../../../../../Users/J Diddy/Documents/Unreal Projects/ElevatingAction/Content/ElevatingActionAudio/GameMasterAudio/SecretAgentFootsteps/OutsideOffice/footstep_concrete_run_02.uasset" 74
"../../../../../../Users/J Diddy/Documents/Unreal Projects/ElevatingAction/Content/ElevatingActionAudio/GameMasterAudio/SecretAgentFootsteps/OutsideOffice/footstep_concrete_run_03.uasset" 75
"../../../../../../Users/J Diddy/Documents/Unreal Projects/ElevatingAction/Content/ElevatingActionAudio/GameMasterAudio/SecretAgentFootsteps/OutsideOffice/footstep_concrete_run_04.uasset" 76
"../../../../../../Users/J Diddy/Documents/Unreal Projects/ElevatingAction/Content/ElevatingActionAudio/GameMasterAudio/SecretAgentFootsteps/OutsideOffice/footstep_concrete_run_05.uasset" 77
"../../../../../../Users/J Diddy/Documents/Unreal Projects/ElevatingAction/Content/ElevatingActionAudio/GameMasterAudio/SecretAgentFootsteps/OutsideOffice/footstep_concrete_run_06.uasset" 78
"../../../../../../Users/J Diddy/Documents/Unreal Projects/ElevatingAction/Content/ElevatingActionAudio/GameMasterAudio/SecretAgentFootsteps/OutsideOffice/footstep_concrete_run_07.uasset" 79
"../../../../../../Users/J Diddy/Documents/Unreal Projects/ElevatingAction/Content/ElevatingActionAudio/GameMasterAudio/SecretAgentFootsteps/OutsideOffice/footstep_concrete_run_08.uasset" 80
"../../../../../../Users/J Diddy/Documents/Unreal Projects/ElevatingAction/Content/ElevatingActionAudio/GameMasterAudio/SecretAgentFootsteps/OutsideOffice/footstep_concrete_run_09.uasset" 81
"../../../../../../Users/J Diddy/Documents/Unreal Projects/ElevatingAction/Content/ElevatingActionAudio/GameMasterAudio/SecretAgentFootsteps/OutsideOffice/footstep_concrete_run_10.uasset" 82
"../../../../../../Users/J Diddy/Documents/Unreal Projects/ElevatingAction/Content/ElevatingActionAudio/GameMasterAudio/SecretAgentFootsteps/OutsideOffice/footstep_concrete_run_11.uasset" 83
"../../../../../../Users/J Diddy/Documents/Unreal Projects/ElevatingAction/Content/ElevatingActionAudio/GameMasterAudio/SecretAgentFootsteps/OutsideOffice/footstep_concrete_run_12.uasset" 84
"../../../../../../Users/J Diddy/Documents/Unreal Projects/ElevatingAction/Content/ElevatingActionAudio/GameMasterAudio/SecretAgentFootsteps/OutsideOffice/footstep_concrete_run_13.uasset" 85
"../../../../../../Users/J Diddy/Documents/Unreal Projects/ElevatingAction/Content/ElevatingActionAudio/GameMasterAudio/SecretAgentFootsteps/OutsideOffice/footstep_concrete_run_14.uasset" 86
"../../../../../../Users/J Diddy/Documents/Unreal Projects/ElevatingAction/Content/ElevatingActionAudio/GameMasterAudio/SecretAgentFootsteps/OutsideOffice/footstep_concrete_run_15.uasset" 87
"../../../../../../Users/J Diddy/Documents/Unreal Projects/ElevatingAction/Content/ElevatingActionAudio/GameMasterAudio/SecretAgentFootsteps/OutsideOffice/footstep_concrete_run_16.uasset" 88
"../../../../../../Users/J Diddy/Documents/Unreal Projects/ElevatingAction/Content/ElevatingActionAudio/GameMasterAudio/SecretAgentFootsteps/OutsideOffice/footstep_concrete_run_17.uasset" 89
"../../../../../../Users/J Diddy/Documents/Unreal Projects/ElevatingAction/Content/ElevatingActionAudio/GameMasterAudio/SecretAgentFootsteps/OutsideOffice/footstep_concrete_run_18.uasset" 90
"../../../../../../Users/J Diddy/Documents/Unreal Projects/ElevatingAction/Content/ElevatingActionAudio/GameMasterAudio/SecretAgentFootsteps/OutsideOffice/footstep_concrete_run_19.uasset" 91
"../../../../../../Users/J Diddy/Documents/Unreal Projects/ElevatingAction/Content/ElevatingActionAudio/GameMasterAudio/SecretAgentFootsteps/OutsideOffice/footstep_concrete_run_20.uasset" 92
"../../../../../../Users/J Diddy/Documents/Unreal Projects/ElevatingAction/Content/ElevatingActionAudio/GameMasterAudio/SecretAgentFootsteps/OutsideOffice/footstep_concrete_run_21.uasset" 93
"../../../../../../Users/J Diddy/Documents/Unreal Projects/ElevatingAction/Content/ElevatingActionAudio/GameMasterAudio/SecretAgentKickSounds/kick_hard_impact_01.uasset" 94
"../../../../../../Users/J Diddy/Documents/Unreal Projects/ElevatingAction/Content/ElevatingActionAudio/GameMasterAudio/SecretAgentKickSounds/kick_hard_impact_02.uasset" 95
"../../../../../../Users/J Diddy/Documents/Unreal Projects/ElevatingAction/Content/ElevatingActionAudio/GameMasterAudio/SecretAgentKickSounds/kick_hard_impact_03.uasset" 96
"../../../../../../Users/J Diddy/Documents/Unreal Projects/ElevatingAction/Content/ElevatingActionAudio/GameMasterAudio/SecretAgentKickSounds/kick_hard_impact_04.uasset" 97
"../../../../../../Users/J Diddy/Documents/Unreal Projects/ElevatingAction/Content/ElevatingActionAudio/GameMasterAudio/SecretAgentKickSounds/kick_hard_impact_05.uasset" 98
"../../../../../../Users/J Diddy/Documents/Unreal Projects/ElevatingAction/Content/ElevatingActionAudio/GameMasterAudio/SecretAgentKickSounds/kick_hard_impact_06.uasset" 99
"../../../../../../Users/J Diddy/Documents/Unreal Projects/ElevatingAction/Content/ElevatingActionAudio/GameMasterAudio/SecretAgentKickSounds/kick_hard_impact_07.uasset" 100
"../../../../../../Users/J Diddy/Documents/Unreal Projects/ElevatingAction/Content/ElevatingActionAudio/GameMasterAudio/SecretAgentKickSounds/kick_hard_impact_08.uasset" 101
"../../../../../../Users/J Diddy/Documents/Unreal Projects/ElevatingAction/Content/ElevatingActionAudio/GameMasterAudio/SecretAgentKickSounds/kick_heavy_impact_01.uasset" 102
"../../../../../../Users/J Diddy/Documents/Unreal Projects/ElevatingAction/Content/ElevatingActionAudio/GameMasterAudio/SecretAgentKickSounds/kick_heavy_impact_02.uasset" 103
"../../../../../../Users/J Diddy/Documents/Unreal Projects/ElevatingAction/Content/ElevatingActionAudio/GameMasterAudio/SecretAgentKickSounds/kick_heavy_impact_03.uasset" 104
"../../../../../../Users/J Diddy/Documents/Unreal Projects/ElevatingAction/Content/ElevatingActionAudio/GameMasterAudio/SecretAgentKickSounds/kick_heavy_impact_04.uasset" 105
"../../../../../../Users/J Diddy/Documents/Unreal Projects/ElevatingAction/Content/ElevatingActionAudio/GameMasterAudio/SecretAgentKickSounds/kick_heavy_impact_05.uasset" 106
"../../../../../../Users/J Diddy/Documents/Unreal Projects/ElevatingAction/Content/ElevatingActionAudio/GameMasterAudio/SecretAgentKickSounds/kick_heavy_impact_06.uasset" 107
"../../../../../../Users/J Diddy/Documents/Unreal Projects/ElevatingAction/Content/ElevatingActionAudio/GameMasterAudio/SecretAgentKickSounds/kick_heavy_impact_07.uasset" 108
"../../../../../../Users/J Diddy/Documents/Unreal Projects/ElevatingAction/Content/ElevatingActionAudio/GameMasterAudio/SecretAgentVoices/Crouch/voice_male_b_effort_quick_action_01.uasset" 109
"../../../../../../Users/J Diddy/Documents/Unreal Projects/ElevatingAction/Content/ElevatingActionAudio/GameMasterAudio/SecretAgentVoices/Crouch/voice_male_b_effort_quick_action_02.uasset" 110
"../../../../../../Users/J Diddy/Documents/Unreal Projects/ElevatingAction/Content/ElevatingActionAudio/GameMasterAudio/SecretAgentVoices/Crouch/voice_male_b_effort_quick_action_03.uasset" 111
"../../../../../../Users/J Diddy/Documents/Unreal Projects/ElevatingAction/Content/ElevatingActionAudio/GameMasterAudio/SecretAgentVoices/Crouch/voice_male_b_effort_quick_action_04.uasset" 112
"../../../../../../Users/J Diddy/Documents/Unreal Projects/ElevatingAction/Content/ElevatingActionAudio/GameMasterAudio/SecretAgentVoices/Crouch/voice_male_b_effort_quick_action_05.uasset" 113
"../../../../../../Users/J Diddy/Documents/Unreal Projects/ElevatingAction/Content/ElevatingActionAudio/GameMasterAudio/SecretAgentVoices/Crouch/voice_male_b_effort_quick_action_06.uasset" 114
"../../../../../../Users/J Diddy/Documents/Unreal Projects/ElevatingAction/Content/ElevatingActionAudio/GameMasterAudio/SecretAgentVoices/Death/S_Death_Cue.uasset" 115
"../../../../../../Users/J Diddy/Documents/Unreal Projects/ElevatingAction/Content/ElevatingActionAudio/GameMasterAudio/SecretAgentVoices/Death/voice_male_b_death_high_01.uasset" 116
"../../../../../../Users/J Diddy/Documents/Unreal Projects/ElevatingAction/Content/ElevatingActionAudio/GameMasterAudio/SecretAgentVoices/Death/voice_male_b_death_high_02.uasset" 117
"../../../../../../Users/J Diddy/Documents/Unreal Projects/ElevatingAction/Content/ElevatingActionAudio/GameMasterAudio/SecretAgentVoices/Death/voice_male_b_death_high_03.uasset" 118
"../../../../../../Users/J Diddy/Documents/Unreal Projects/ElevatingAction/Content/ElevatingActionAudio/GameMasterAudio/SecretAgentVoices/Death/voice_male_b_death_high_04.uasset" 119
"../../../../../../Users/J Diddy/Documents/Unreal Projects/ElevatingAction/Content/ElevatingActionAudio/GameMasterAudio/SecretAgentVoices/Death/voice_male_b_death_high_05.uasset" 120
"../../../../../../Users/J Diddy/Documents/Unreal Projects/ElevatingAction/Content/ElevatingActionAudio/GameMasterAudio/SecretAgentVoices/Death/voice_male_b_death_high_06.uasset" 121
"../../../../../../Users/J Diddy/Documents/Unreal Projects/ElevatingAction/Content/ElevatingActionAudio/GameMasterAudio/SecretAgentVoices/Death/voice_male_b_death_high_07.uasset" 122
"../../../../../../Users/J Diddy/Documents/Unreal Projects/ElevatingAction/Content/ElevatingActionAudio/GameMasterAudio/SecretAgentVoices/Death/voice_male_b_death_low_01.uasset" 123
"../../../../../../Users/J Diddy/Documents/Unreal Projects/ElevatingAction/Content/ElevatingActionAudio/GameMasterAudio/SecretAgentVoices/Death/voice_male_b_death_low_02.uasset" 124
"../../../../../../Users/J Diddy/Documents/Unreal Projects/ElevatingAction/Content/ElevatingActionAudio/GameMasterAudio/SecretAgentVoices/Death/voice_male_b_death_low_03.uasset" 125
"../../../../../../Users/J Diddy/Documents/Unreal Projects/ElevatingAction/Content/ElevatingActionAudio/GameMasterAudio/SecretAgentVoices/Death/voice_male_b_death_low_04.uasset" 126
"../../../../../../Users/J Diddy/Documents/Unreal Projects/ElevatingAction/Content/ElevatingActionAudio/GameMasterAudio/SecretAgentVoices/Death/voice_male_b_death_low_05.uasset" 127
"../../../../../../Users/J Diddy/Documents/Unreal Projects/ElevatingAction/Content/ElevatingActionAudio/GameMasterAudio/SecretAgentVoices/Death/voice_male_b_death_low_06.uasset" 128
"../../../../../../Users/J Diddy/Documents/Unreal Projects/ElevatingAction/Content/ElevatingActionAudio/GameMasterAudio/SecretAgentVoices/Death/voice_male_b_death_low_07.uasset" 129
"../../../../../../Users/J Diddy/Documents/Unreal Projects/ElevatingAction/Content/ElevatingActionAudio/GameMasterAudio/SecretAgentVoices/Death/voice_male_b_death_low_08.uasset" 130
"../../../../../../Users/J Diddy/Documents/Unreal Projects/ElevatingAction/Content/ElevatingActionAudio/GameMasterAudio/SecretAgentVoices/Death/voice_male_b_death_low_09.uasset" 131
"../../../../../../Users/J Diddy/Documents/Unreal Projects/ElevatingAction/Content/ElevatingActionAudio/GameMasterAudio/SecretAgentVoices/Death/voice_male_b_death_low_10.uasset" 132
"../../../../../../Users/J Diddy/Documents/Unreal Projects/ElevatingAction/Content/ElevatingActionAudio/GameMasterAudio/SecretAgentVoices/Death/voice_male_c_death_01.uasset" 133
"../../../../../../Users/J Diddy/Documents/Unreal Projects/ElevatingAction/Content/ElevatingActionAudio/GameMasterAudio/SecretAgentVoices/Death/voice_male_c_death_02.uasset" 134
"../../../../../../Users/J Diddy/Documents/Unreal Projects/ElevatingAction/Content/ElevatingActionAudio/GameMasterAudio/SecretAgentVoices/Death/voice_male_c_death_03.uasset" 135
"../../../../../../Users/J Diddy/Documents/Unreal Projects/ElevatingAction/Content/ElevatingActionAudio/GameMasterAudio/SecretAgentVoices/Death/voice_male_c_death_04.uasset" 136
"../../../../../../Users/J Diddy/Documents/Unreal Projects/ElevatingAction/Content/ElevatingActionAudio/GameMasterAudio/SecretAgentVoices/Death/voice_male_c_death_05.uasset" 137
"../../../../../../Users/J Diddy/Documents/Unreal Projects/ElevatingAction/Content/ElevatingActionAudio/GameMasterAudio/SecretAgentVoices/Death/voice_male_c_death_06.uasset" 138
"../../../../../../Users/J Diddy/Documents/Unreal Projects/ElevatingAction/Content/ElevatingActionAudio/GameMasterAudio/SecretAgentVoices/Death/voice_male_c_death_07.uasset" 139
"../../../../../../Users/J Diddy/Documents/Unreal Projects/ElevatingAction/Content/ElevatingActionAudio/GameMasterAudio/SecretAgentVoices/Death/voice_male_c_death_08.uasset" 140
"../../../../../../Users/J Diddy/Documents/Unreal Projects/ElevatingAction/Content/ElevatingActionAudio/GameMasterAudio/SecretAgentVoices/Death/voice_male_c_death_09.uasset" 141
"../../../../../../Users/J Diddy/Documents/Unreal Projects/ElevatingAction/Content/ElevatingActionAudio/GameMasterAudio/SecretAgentVoices/Death/voice_male_c_death_10.uasset" 142
"../../../../../../Users/J Diddy/Documents/Unreal Projects/ElevatingAction/Content/ElevatingActionAudio/GameMasterAudio/SecretAgentVoices/Death/voice_male_c_death_11.uasset" 143
"../../../../../../Users/J Diddy/Documents/Unreal Projects/ElevatingAction/Content/ElevatingActionAudio/GameMasterAudio/SecretAgentVoices/Death/voice_male_c_death_12.uasset" 144
"../../../../../../Users/J Diddy/Documents/Unreal Projects/ElevatingAction/Content/ElevatingActionAudio/GameMasterAudio/SecretAgentVoices/Death/voice_male_c_death_13.uasset" 145
"../../../../../../Users/J Diddy/Documents/Unreal Projects/ElevatingAction/Content/ElevatingActionAudio/GameMasterAudio/SecretAgentVoices/Death/voice_male_c_death_14.uasset" 146
"../../../../../../Users/J Diddy/Documents/Unreal Projects/ElevatingAction/Content/ElevatingActionAudio/GameMasterAudio/SecretAgentVoices/Death/voice_male_c_death_15.uasset" 147
"../../../../../../Users/J Diddy/Documents/Unreal Projects/ElevatingAction/Content/ElevatingActionAudio/GameMasterAudio/SecretAgentVoices/Death/voice_male_c_death_16.uasset" 148
"../../../../../../Users/J Diddy/Documents/Unreal Projects/ElevatingAction/Content/ElevatingActionAudio/GameMasterAudio/SecretAgentVoices/Death/voice_male_c_death_17.uasset" 149
"../../../../../../Users/J Diddy/Documents/Unreal Projects/ElevatingAction/Content/ElevatingActionAudio/GameMasterAudio/SecretAgentVoices/Death/voice_male_c_death_18.uasset" 150
"../../../../../../Users/J Diddy/Documents/Unreal Projects/ElevatingAction/Content/ElevatingActionAudio/GameMasterAudio/SecretAgentVoices/Death/voice_male_c_death_19.uasset" 151
"../../../../../../Users/J Diddy/Documents/Unreal Projects/ElevatingAction/Content/ElevatingActionAudio/GameMasterAudio/SecretAgentVoices/Death/voice_male_d_death_01.uasset" 152
"../../../../../../Users/J Diddy/Documents/Unreal Projects/ElevatingAction/Content/ElevatingActionAudio/GameMasterAudio/SecretAgentVoices/Death/voice_male_d_death_02.uasset" 153
"../../../../../../Users/J Diddy/Documents/Unreal Projects/ElevatingAction/Content/ElevatingActionAudio/GameMasterAudio/SecretAgentVoices/Death/voice_male_d_death_03.uasset" 154
"../../../../../../Users/J Diddy/Documents/Unreal Projects/ElevatingAction/Content/ElevatingActionAudio/GameMasterAudio/SecretAgentVoices/Death/voice_male_d_death_04.uasset" 155
"../../../../../../Users/J Diddy/Documents/Unreal Projects/ElevatingAction/Content/ElevatingActionAudio/GameMasterAudio/SecretAgentVoices/Death/voice_male_d_death_05.uasset" 156
"../../../../../../Users/J Diddy/Documents/Unreal Projects/ElevatingAction/Content/ElevatingActionAudio/GameMasterAudio/SecretAgentVoices/Death/voice_male_d_death_06.uasset" 157
"../../../../../../Users/J Diddy/Documents/Unreal Projects/ElevatingAction/Content/ElevatingActionAudio/GameMasterAudio/SecretAgentVoices/Death/voice_male_d_death_07.uasset" 158
"../../../../../../Users/J Diddy/Documents/Unreal Projects/ElevatingAction/Content/ElevatingActionAudio/GameMasterAudio/SecretAgentVoices/Death/voice_male_d_death_08.uasset" 159
"../../../../../../Users/J Diddy/Documents/Unreal Projects/ElevatingAction/Content/ElevatingActionAudio/GameMasterAudio/SecretAgentVoices/Death/voice_male_d_death_09.uasset" 160
"../../../../../../Users/J Diddy/Documents/Unreal Projects/ElevatingAction/Content/ElevatingActionAudio/GameMasterAudio/SecretAgentVoices/Death/voice_male_d_death_10.uasset" 161
"../../../../../../Users/J Diddy/Documents/Unreal Projects/ElevatingAction/Content/ElevatingActionAudio/GameMasterAudio/SecretAgentVoices/Death/voice_male_d_death_11.uasset" 162
"../../../../../../Users/J Diddy/Documents/Unreal Projects/ElevatingAction/Content/ElevatingActionAudio/GameMasterAudio/SecretAgentVoices/Death/voice_male_d_death_12.uasset" 163
"../../../../../../Users/J Diddy/Documents/Unreal Projects/ElevatingAction/Content/ElevatingActionAudio/GameMasterAudio/SecretAgentVoices/Death/voice_male_grunt_pain_death_01.uasset" 164
"../../../../../../Users/J Diddy/Documents/Unreal Projects/ElevatingAction/Content/ElevatingActionAudio/GameMasterAudio/SecretAgentVoices/Death/voice_male_grunt_pain_death_02.uasset" 165
"../../../../../../Users/J Diddy/Documents/Unreal Projects/ElevatingAction/Content/ElevatingActionAudio/GameMasterAudio/SecretAgentVoices/Death/voice_male_grunt_pain_death_03.uasset" 166
"../../../../../../Users/J Diddy/Documents/Unreal Projects/ElevatingAction/Content/ElevatingActionAudio/GameMasterAudio/SecretAgentVoices/Death/voice_male_grunt_pain_death_04.uasset" 167
"../../../../../../Users/J Diddy/Documents/Unreal Projects/ElevatingAction/Content/ElevatingActionAudio/GameMasterAudio/SecretAgentVoices/Death/voice_male_grunt_pain_death_05.uasset" 168
"../../../../../../Users/J Diddy/Documents/Unreal Projects/ElevatingAction/Content/ElevatingActionAudio/GameMasterAudio/SecretAgentVoices/Death/voice_male_grunt_pain_death_06.uasset" 169
"../../../../../../Users/J Diddy/Documents/Unreal Projects/ElevatingAction/Content/ElevatingActionAudio/GameMasterAudio/SecretAgentVoices/Death/voice_male_grunt_pain_death_07.uasset" 170
"../../../../../../Users/J Diddy/Documents/Unreal Projects/ElevatingAction/Content/ElevatingActionAudio/GameMasterAudio/SecretAgentVoices/Death/voice_male_grunt_pain_death_08.uasset" 171
"../../../../../../Users/J Diddy/Documents/Unreal Projects/ElevatingAction/Content/ElevatingActionAudio/GameMasterAudio/SecretAgentVoices/Death/voice_male_grunt_pain_death_09.uasset" 172
"../../../../../../Users/J Diddy/Documents/Unreal Projects/ElevatingAction/Content/ElevatingActionAudio/GameMasterAudio/SecretAgentVoices/Death/voice_male_grunt_pain_death_10.uasset" 173
"../../../../../../Users/J Diddy/Documents/Unreal Projects/ElevatingAction/Content/ElevatingActionAudio/GameMasterAudio/SecretAgentVoices/Hurt/voice_male_b_hurt_pain_set_5_05.uasset" 174
"../../../../../../Users/J Diddy/Documents/Unreal Projects/ElevatingAction/Content/ElevatingActionAudio/GameMasterAudio/SecretAgentVoices/Hurt/S_Hurt_Cue.uasset" 175
"../../../../../../Users/J Diddy/Documents/Unreal Projects/ElevatingAction/Content/ElevatingActionAudio/GameMasterAudio/SecretAgentVoices/Hurt/voice_male_b_hurt_pain_comedy_02.uasset" 176
"../../../../../../Users/J Diddy/Documents/Unreal Projects/ElevatingAction/Content/ElevatingActionAudio/GameMasterAudio/SecretAgentVoices/Hurt/voice_male_b_hurt_pain_set_1_01.uasset" 177
"../../../../../../Users/J Diddy/Documents/Unreal Projects/ElevatingAction/Content/ElevatingActionAudio/GameMasterAudio/SecretAgentVoices/Hurt/voice_male_b_hurt_pain_set_1_02.uasset" 178
"../../../../../../Users/J Diddy/Documents/Unreal Projects/ElevatingAction/Content/ElevatingActionAudio/GameMasterAudio/SecretAgentVoices/Hurt/voice_male_b_hurt_pain_set_1_03.uasset" 179
"../../../../../../Users/J Diddy/Documents/Unreal Projects/ElevatingAction/Content/ElevatingActionAudio/GameMasterAudio/SecretAgentVoices/Hurt/voice_male_b_hurt_pain_set_1_04.uasset" 180
"../../../../../../Users/J Diddy/Documents/Unreal Projects/ElevatingAction/Content/ElevatingActionAudio/GameMasterAudio/SecretAgentVoices/Hurt/voice_male_b_hurt_pain_set_1_05.uasset" 181
"../../../../../../Users/J Diddy/Documents/Unreal Projects/ElevatingAction/Content/ElevatingActionAudio/GameMasterAudio/SecretAgentVoices/Hurt/voice_male_b_hurt_pain_set_1_06.uasset" 182
"../../../../../../Users/J Diddy/Documents/Unreal Projects/ElevatingAction/Content/ElevatingActionAudio/GameMasterAudio/SecretAgentVoices/Hurt/voice_male_b_hurt_pain_set_1_07.uasset" 183
"../../../../../../Users/J Diddy/Documents/Unreal Projects/ElevatingAction/Content/ElevatingActionAudio/GameMasterAudio/SecretAgentVoices/Hurt/voice_male_b_hurt_pain_set_2_01.uasset" 184
"../../../../../../Users/J Diddy/Documents/Unreal Projects/ElevatingAction/Content/ElevatingActionAudio/GameMasterAudio/SecretAgentVoices/Hurt/voice_male_b_hurt_pain_set_2_02.uasset" 185
"../../../../../../Users/J Diddy/Documents/Unreal Projects/ElevatingAction/Content/ElevatingActionAudio/GameMasterAudio/SecretAgentVoices/Hurt/voice_male_b_hurt_pain_set_2_03.uasset" 186
"../../../../../../Users/J Diddy/Documents/Unreal Projects/ElevatingAction/Content/ElevatingActionAudio/GameMasterAudio/SecretAgentVoices/Hurt/voice_male_b_hurt_pain_set_2_04.uasset" 187
"../../../../../../Users/J Diddy/Documents/Unreal Projects/ElevatingAction/Content/ElevatingActionAudio/GameMasterAudio/SecretAgentVoices/Hurt/voice_male_b_hurt_pain_set_2_05.uasset" 188
"../../../../../../Users/J Diddy/Documents/Unreal Projects/ElevatingAction/Content/ElevatingActionAudio/GameMasterAudio/SecretAgentVoices/Hurt/voice_male_b_hurt_pain_set_2_06.uasset" 189
"../../../../../../Users/J Diddy/Documents/Unreal Projects/ElevatingAction/Content/ElevatingActionAudio/GameMasterAudio/SecretAgentVoices/Hurt/voice_male_b_hurt_pain_set_2_07.uasset" 190
"../../../../../../Users/J Diddy/Documents/Unreal Projects/ElevatingAction/Content/ElevatingActionAudio/GameMasterAudio/SecretAgentVoices/Hurt/voice_male_b_hurt_pain_set_2_08.uasset" 191
"../../../../../../Users/J Diddy/Documents/Unreal Projects/ElevatingAction/Content/ElevatingActionAudio/GameMasterAudio/SecretAgentVoices/Hurt/voice_male_b_hurt_pain_set_2_09.uasset" 192
"../../../../../../Users/J Diddy/Documents/Unreal Projects/ElevatingAction/Content/ElevatingActionAudio/GameMasterAudio/SecretAgentVoices/Hurt/voice_male_b_hurt_pain_set_2_10.uasset" 193
"../../../../../../Users/J Diddy/Documents/Unreal Projects/ElevatingAction/Content/ElevatingActionAudio/GameMasterAudio/SecretAgentVoices/Hurt/voice_male_b_hurt_pain_set_2_11.uasset" 194
"../../../../../../Users/J Diddy/Documents/Unreal Projects/ElevatingAction/Content/ElevatingActionAudio/GameMasterAudio/SecretAgentVoices/Hurt/voice_male_b_hurt_pain_set_2_12.uasset" 195
"../../../../../../Users/J Diddy/Documents/Unreal Projects/ElevatingAction/Content/ElevatingActionAudio/GameMasterAudio/SecretAgentVoices/Hurt/voice_male_b_hurt_pain_set_2_13.uasset" 196
"../../../../../../Users/J Diddy/Documents/Unreal Projects/ElevatingAction/Content/ElevatingActionAudio/GameMasterAudio/SecretAgentVoices/Hurt/voice_male_b_hurt_pain_set_2_14.uasset" 197
"../../../../../../Users/J Diddy/Documents/Unreal Projects/ElevatingAction/Content/ElevatingActionAudio/GameMasterAudio/SecretAgentVoices/Hurt/voice_male_b_hurt_pain_set_3_01.uasset" 198
"../../../../../../Users/J Diddy/Documents/Unreal Projects/ElevatingAction/Content/ElevatingActionAudio/GameMasterAudio/SecretAgentVoices/Hurt/voice_male_b_hurt_pain_set_3_02.uasset" 199
"../../../../../../Users/J Diddy/Documents/Unreal Projects/ElevatingAction/Content/ElevatingActionAudio/GameMasterAudio/SecretAgentVoices/Hurt/voice_male_b_hurt_pain_set_3_03.uasset" 200
"../../../../../../Users/J Diddy/Documents/Unreal Projects/ElevatingAction/Content/ElevatingActionAudio/GameMasterAudio/SecretAgentVoices/Hurt/voice_male_b_hurt_pain_set_3_04.uasset" 201
"../../../../../../Users/J Diddy/Documents/Unreal Projects/ElevatingAction/Content/ElevatingActionAudio/GameMasterAudio/SecretAgentVoices/Hurt/voice_male_b_hurt_pain_set_3_05.uasset" 202
"../../../../../../Users/J Diddy/Documents/Unreal Projects/ElevatingAction/Content/ElevatingActionAudio/GameMasterAudio/SecretAgentVoices/Hurt/voice_male_b_hurt_pain_set_3_06.uasset" 203
"../../../../../../Users/J Diddy/Documents/Unreal Projects/ElevatingAction/Content/ElevatingActionAudio/GameMasterAudio/SecretAgentVoices/Hurt/voice_male_b_hurt_pain_set_3_07.uasset" 204
"../../../../../../Users/J Diddy/Documents/Unreal Projects/ElevatingAction/Content/ElevatingActionAudio/GameMasterAudio/SecretAgentVoices/Hurt/voice_male_b_hurt_pain_set_3_08.uasset" 205
"../../../../../../Users/J Diddy/Documents/Unreal Projects/ElevatingAction/Content/ElevatingActionAudio/GameMasterAudio/SecretAgentVoices/Hurt/voice_male_b_hurt_pain_set_4_01.uasset" 206
"../../../../../../Users/J Diddy/Documents/Unreal Projects/ElevatingAction/Content/ElevatingActionAudio/GameMasterAudio/SecretAgentVoices/Hurt/voice_male_b_hurt_pain_set_4_02.uasset" 207
"../../../../../../Users/J Diddy/Documents/Unreal Projects/ElevatingAction/Content/ElevatingActionAudio/GameMasterAudio/SecretAgentVoices/Hurt/voice_male_b_hurt_pain_set_4_03.uasset" 208
"../../../../../../Users/J Diddy/Documents/Unreal Projects/ElevatingAction/Content/ElevatingActionAudio/GameMasterAudio/SecretAgentVoices/Hurt/voice_male_b_hurt_pain_set_4_04.uasset" 209
"../../../../../../Users/J Diddy/Documents/Unreal Projects/ElevatingAction/Content/ElevatingActionAudio/GameMasterAudio/SecretAgentVoices/Hurt/voice_male_b_hurt_pain_set_4_05.uasset" 210
"../../../../../../Users/J Diddy/Documents/Unreal Projects/ElevatingAction/Content/ElevatingActionAudio/GameMasterAudio/SecretAgentVoices/Hurt/voice_male_b_hurt_pain_set_5_01.uasset" 211
"../../../../../../Users/J Diddy/Documents/Unreal Projects/ElevatingAction/Content/ElevatingActionAudio/GameMasterAudio/SecretAgentVoices/Hurt/voice_male_b_hurt_pain_set_5_02.uasset" 212
"../../../../../../Users/J Diddy/Documents/Unreal Projects/ElevatingAction/Content/ElevatingActionAudio/GameMasterAudio/SecretAgentVoices/Hurt/voice_male_b_hurt_pain_set_5_03.uasset" 213
"../../../../../../Users/J Diddy/Documents/Unreal Projects/ElevatingAction/Content/ElevatingActionAudio/GameMasterAudio/SecretAgentVoices/Hurt/voice_male_b_hurt_pain_set_5_04.uasset" 214
"../../../../../../Users/J Diddy/Documents/Unreal Projects/ElevatingAction/Content/ElevatingActionAudio/GameMasterAudio/SecretAgentVoices/Hurt/voice_male_b_hurt_pain_set_5_06.uasset" 215
"../../../../../../Users/J Diddy/Documents/Unreal Projects/ElevatingAction/Content/ElevatingActionAudio/GameMasterAudio/SecretAgentVoices/Hurt/voice_male_b_hurt_pain_set_5_07.uasset" 216
"../../../../../../Users/J Diddy/Documents/Unreal Projects/ElevatingAction/Content/ElevatingActionAudio/GameMasterAudio/SecretAgentVoices/Hurt/voice_male_b_hurt_pain_set_5_08.uasset" 217
"../../../../../../Users/J Diddy/Documents/Unreal Projects/ElevatingAction/Content/ElevatingActionAudio/GameMasterAudio/SecretAgentVoices/Hurt/voice_male_b_hurt_pain_set_5_09.uasset" 218
"../../../../../../Users/J Diddy/Documents/Unreal Projects/ElevatingAction/Content/ElevatingActionAudio/GameMasterAudio/SecretAgentVoices/Hurt/voice_male_b_hurt_pain_set_5_10.uasset" 219
"../../../../../../Users/J Diddy/Documents/Unreal Projects/ElevatingAction/Content/ElevatingActionAudio/GameMasterAudio/SecretAgentVoices/Hurt/voice_male_b_hurt_pain_set_5_11.uasset" 220
"../../../../../../Users/J Diddy/Documents/Unreal Projects/ElevatingAction/Content/ElevatingActionAudio/GameMasterAudio/SecretAgentVoices/Hurt/voice_male_b_hurt_pain_set_5_12.uasset" 221
"../../../../../../Users/J Diddy/Documents/Unreal Projects/ElevatingAction/Content/ElevatingActionAudio/GameMasterAudio/SecretAgentVoices/Hurt/voice_male_b_hurt_pain_set_5_13.uasset" 222
"../../../../../../Users/J Diddy/Documents/Unreal Projects/ElevatingAction/Content/ElevatingActionAudio/GameMasterAudio/SecretAgentVoices/Hurt/voice_male_b_hurt_pain_set_5_14.uasset" 223
"../../../../../../Users/J Diddy/Documents/Unreal Projects/ElevatingAction/Content/ElevatingActionAudio/GameMasterAudio/SecretAgentVoices/Hurt/voice_male_b_hurt_pain_set_5_15.uasset" 224
"../../../../../../Users/J Diddy/Documents/Unreal Projects/ElevatingAction/Content/ElevatingActionAudio/GameMasterAudio/SecretAgentVoices/Hurt/voice_male_b_hurt_pain_set_5_16.uasset" 225
"../../../../../../Users/J Diddy/Documents/Unreal Projects/ElevatingAction/Content/ElevatingActionAudio/GameMasterAudio/SecretAgentVoices/Hurt/voice_male_b_hurt_pain_set_5_17.uasset" 226
"../../../../../../Users/J Diddy/Documents/Unreal Projects/ElevatingAction/Content/ElevatingActionAudio/GameMasterAudio/SecretAgentVoices/Hurt/voice_male_b_hurt_pain_set_5_18.uasset" 227
"../../../../../../Users/J Diddy/Documents/Unreal Projects/ElevatingAction/Content/ElevatingActionAudio/GameMasterAudio/SecretAgentVoices/Hurt/voice_male_b_hurt_pain_set_5_19.uasset" 228
"../../../../../../Users/J Diddy/Documents/Unreal Projects/ElevatingAction/Content/ElevatingActionAudio/GameMasterAudio/SecretAgentVoices/Hurt/voice_male_b_hurt_pain_set_5_20.uasset" 229
"../../../../../../Users/J Diddy/Documents/Unreal Projects/ElevatingAction/Content/ElevatingActionAudio/GameMasterAudio/SecretAgentVoices/Hurt/voice_male_b_hurt_pain_set_5_21.uasset" 230
"../../../../../../Users/J Diddy/Documents/Unreal Projects/ElevatingAction/Content/ElevatingActionAudio/GameMasterAudio/SecretAgentVoices/Jump/voice_male_b_effort_jump_01.uasset" 231
"../../../../../../Users/J Diddy/Documents/Unreal Projects/ElevatingAction/Content/ElevatingActionAudio/GameMasterAudio/SecretAgentVoices/Jump/voice_male_b_effort_jump_02.uasset" 232
"../../../../../../Users/J Diddy/Documents/Unreal Projects/ElevatingAction/Content/ElevatingActionAudio/GameMasterAudio/SecretAgentVoices/Jump/voice_male_b_effort_jump_03.uasset" 233
"../../../../../../Users/J Diddy/Documents/Unreal Projects/ElevatingAction/Content/ElevatingActionAudio/GameMasterAudio/SecretAgentVoices/Jump/voice_male_b_effort_jump_04.uasset" 234
"../../../../../../Users/J Diddy/Documents/Unreal Projects/ElevatingAction/Content/ElevatingActionAudio/GameMasterAudio/SecretAgentVoices/Jump/voice_male_b_effort_jump_05.uasset" 235
"../../../../../../Users/J Diddy/Documents/Unreal Projects/ElevatingAction/Content/ElevatingActionAudio/GameMasterAudio/SecretAgentVoices/Jump/voice_male_b_effort_jump_06.uasset" 236
"../../../../../../Users/J Diddy/Documents/Unreal Projects/ElevatingAction/Content/ElevatingActionAudio/GameMasterAudio/SecretAgentVoices/Jump/voice_male_b_effort_jump_07.uasset" 237
"../../../../../../Users/J Diddy/Documents/Unreal Projects/ElevatingAction/Content/ElevatingActionAudio/GameMasterAudio/SecretAgentVoices/Jump/voice_male_b_effort_jump_08.uasset" 238
"../../../../../../Users/J Diddy/Documents/Unreal Projects/ElevatingAction/Content/ElevatingActionAudio/GameMasterAudio/SecretAgentVoices/Jump/voice_male_b_effort_jump_09.uasset" 239
"../../../../../../Users/J Diddy/Documents/Unreal Projects/ElevatingAction/Content/ElevatingActionAudio/GameMasterAudio/SecretAgentVoices/Jump/voice_male_c_effort_short_jump_01.uasset" 240
"../../../../../../Users/J Diddy/Documents/Unreal Projects/ElevatingAction/Content/ElevatingActionAudio/GameMasterAudio/SecretAgentVoices/Jump/voice_male_c_effort_short_jump_02.uasset" 241
"../../../../../../Users/J Diddy/Documents/Unreal Projects/ElevatingAction/Content/ElevatingActionAudio/GameMasterAudio/SecretAgentVoices/Jump/voice_male_c_effort_short_jump_03.uasset" 242
"../../../../../../Users/J Diddy/Documents/Unreal Projects/ElevatingAction/Content/ElevatingActionAudio/GameMasterAudio/SecretAgentVoices/Jump/voice_male_c_effort_short_jump_04.uasset" 243
"../../../../../../Users/J Diddy/Documents/Unreal Projects/ElevatingAction/Content/ElevatingActionAudio/GameMasterAudio/SecretAgentVoices/Jump/voice_male_c_effort_short_jump_05.uasset" 244
"../../../../../../Users/J Diddy/Documents/Unreal Projects/ElevatingAction/Content/ElevatingActionAudio/GameMasterAudio/SecretFileCollection/chime_bell_positive_ring_01.uasset" 245
"../../../../../../Users/J Diddy/Documents/Unreal Projects/ElevatingAction/Content/ElevatingActionAudio/GameMasterAudio/SecretFileCollection/collect_item_chime_04.uasset" 246
"../../../../../../Users/J Diddy/Documents/Unreal Projects/ElevatingAction/Content/ElevatingActionAudio/GameMasterAudio/SecretFileCollection/chime_bell_positive_ring_02.uasset" 247
"../../../../../../Users/J Diddy/Documents/Unreal Projects/ElevatingAction/Content/ElevatingActionAudio/GameMasterAudio/SecretFileCollection/points_ticker_bonus_score_reward_single_02.uasset" 248
"../../../Engine/Content/EditorBlueprintResources/StandardMacros.uasset" 249
"../../../Engine/Content/EngineFonts/RobotoDistanceField.uasset" 250
"../../../../../../Users/J Diddy/Documents/Unreal Projects/ElevatingAction/Content/ElevatingActionOffice/Materials/DefaultTextMaterialEmissive.uasset" 251
"../../../Engine/Content/EngineMaterials/BlendFunc_DefBase.uasset" 252
"../../../Engine/Content/EngineMaterials/BlendFunc_DefBlend.uasset" 253
"../../../Engine/Content/Functions/Engine_MaterialFunctions03/Blends/Blend_Overlay.uasset" 254
"../../../../../../Users/J Diddy/Documents/Unreal Projects/ElevatingAction/Content/PolygonOffice/Textures/T_Emissive_01.uasset" 255
"../../../../../../Users/J Diddy/Documents/Unreal Projects/ElevatingAction/Content/PolygonOffice/Textures/T_PolygonOffice_01_A.uasset" 256
"../../../../../../Users/J Diddy/Documents/Unreal Projects/ElevatingAction/Content/ElevatingActionOffice/Materials/M_ElevatingActionOffice.uasset" 257
"../../../../../../Users/J Diddy/Documents/Unreal Projects/ElevatingAction/Content/ElevatingActionOffice/Materials/M_ElevatingActionOffice_Floor.uasset" 258
"../../../../../../Users/J Diddy/Documents/Unreal Projects/ElevatingAction/Content/ElevatingActionOffice/Materials/M_ElevatingActionOffice_Wall.uasset" 259
"../../../../../../Users/J Diddy/Documents/Unreal Projects/ElevatingAction/Content/ElevatingActionOffice/Meshes/SM_Bld_Office_CeilingLight.uasset" 260
"../../../../../../Users/J Diddy/Documents/Unreal Projects/ElevatingAction/Content/PolygonOffice/Meshes/Buildings/SM_Bld_Floor_Carpet_01.uasset" 261
"../../../../../../Users/J Diddy/Documents/Unreal Projects/ElevatingAction/Content/PolygonOffice/Meshes/Buildings/SM_Bld_Wall_Blank_01.uasset" 262
"../../../../../../Users/J Diddy/Documents/Unreal Projects/ElevatingAction/Content/ElevatingActionOffice/Materials/M_ElevatingActionOffice_Sign.uasset" 263
"../../../../../../Users/J Diddy/Documents/Unreal Projects/ElevatingAction/Content/PolygonOffice/Meshes/Props/Roof/SM_Prop_Ducting_02_Cap.uasset" 264
"../../../../../../Users/J Diddy/Documents/Unreal Projects/ElevatingAction/Content/PolygonOffice/Textures/T_PolygonOffice_04_A.uasset" 265
"../../../../../../Users/J Diddy/Documents/Unreal Projects/ElevatingAction/Content/ElevatingActionOffice/Blueprints/BP_Bld_Office_Floor.uasset" 266
"../../../../../../Users/J Diddy/Documents/Unreal Projects/ElevatingAction/Content/PolygonSpy/Textures/T_PolygonSpy_01_A.uasset" 267
"../../../../../../Users/J Diddy/Documents/Unreal Projects/ElevatingAction/Content/PolygonSpy/Materials/Mat_PolygonSpy_01_A.uasset" 268
"../../../../../../Users/J Diddy/Documents/Unreal Projects/ElevatingAction/Content/ElevatingActionAudio/GameMasterAudio/SecretAgentKickSounds/S_SecretAgentKick_Cue.uasset" 269
"../../../../../../Users/J Diddy/Documents/Unreal Projects/ElevatingAction/Content/ElevatingActionSecretAgent/Character/SK_SecretAgent_PhysicsAsset.uasset" 270
"../../../Engine/Content/EngineMeshes/Humanoid.uasset" 271
"../../../../../../Users/J Diddy/Documents/Unreal Projects/ElevatingAction/Content/ElevatingActionSecretAgent/Character/SK_SecretAgent_Skeleton.uasset" 272
"../../../../../../Users/J Diddy/Documents/Unreal Projects/ElevatingAction/Content/ElevatingActionSecretAgent/Character/Enemy/SK_SecretAgent_Enemy.uasset" 273
"../../../../../../Users/J Diddy/Documents/Unreal Projects/ElevatingAction/Content/PolygonSpy/Textures/T_PolygonSpy_01_B.uasset" 274
"../../../../../../Users/J Diddy/Documents/Unreal Projects/ElevatingAction/Content/PolygonSpy/Textures/T_PolygonWestern_01_A.uasset" 275
"../../../../../../Users/J Diddy/Documents/Unreal Projects/ElevatingAction/Content/PolygonSpy/Materials/Mat_PolygonSpy_Hat.uasset" 276
"../../../../../../Users/J Diddy/Documents/Unreal Projects/ElevatingAction/Content/PolygonSpy/Meshes/Props/SM_Prop_Hat_01.uasset" 277
"../../../../../../Users/J Diddy/Documents/Unreal Projects/ElevatingAction/Content/PolygonSpy/Textures/T_PolygonSpy_01_C.uasset" 278
"../../../../../../Users/J Diddy/Documents/Unreal Projects/ElevatingAction/Content/ElevatingActionSecretAgent/Character/Enemy/BP_SecretAgent_Enemy.uasset" 279
"../../../../../../Users/J Diddy/Documents/Unreal Projects/ElevatingAction/Content/ElevatingActionOffice/Blueprints/Curve_FlashAddedScore.uasset" 280
"../../../../../../Users/J Diddy/Documents/Unreal Projects/ElevatingAction/Content/ElevatingActionAudio/GameMasterAudio/SecretFileCollection/collect_item_jingle_06.uasset" 281
"../../../../../../Users/J Diddy/Documents/Unreal Projects/ElevatingAction/Content/ElevatingActionOffice/Blueprints/EEntityInsideRoom.uasset" 282
"../../../../../../Users/J Diddy/Documents/Unreal Projects/ElevatingAction/Content/PolygonOffice/Materials/Mat_PolygonOffice_Glass.uasset" 283
"../../../../../../Users/J Diddy/Documents/Unreal Projects/ElevatingAction/Content/PolygonOffice/Meshes/Buildings/SM_Bld_Door_OpaqueGlass.uasset" 284
"../../../../../../Users/J Diddy/Documents/Unreal Projects/ElevatingAction/Content/PolygonOffice/Meshes/Buildings/SM_Bld_Floor_Wood_01.uasset" 285
"../../../../../../Users/J Diddy/Documents/Unreal Projects/ElevatingAction/Content/PolygonOffice/Meshes/Buildings/SM_Bld_Wall_Blank_Door_01.uasset" 286
"../../../../../../Users/J Diddy/Documents/Unreal Projects/ElevatingAction/Content/ElevatingActionOffice/Blueprints/BP_Bld_Office_Wall_Door.uasset" 287
"../../../../../../Users/J Diddy/Documents/Unreal Projects/ElevatingAction/Content/PolygonSpy/Meshes/Vehicles/SK_Veh_SpyCar_01_Skeleton.uasset" 288
"../../../../../../Users/J Diddy/Documents/Unreal Projects/ElevatingAction/Content/ElevatingActionSecretAgent/Vehicle/AnimBP_Veh_SpyCar.uasset" 289
"../../../../../../Users/J Diddy/Documents/Unreal Projects/ElevatingAction/Content/ElevatingActionSecretAgent/Vehicle/BP_Veh_SpyCar_FrontWheel.uasset" 290
"../../../../../../Users/J Diddy/Documents/Unreal Projects/ElevatingAction/Content/ElevatingActionSecretAgent/Vehicle/BP_Veh_SpyCar_RearWheel.uasset" 291
"../../../../../../Users/J Diddy/Documents/Unreal Projects/ElevatingAction/Content/ElevatingActionAudio/GameMasterAudio/CarEngine/engine_generator_loop_02.uasset" 292
"../../../../../../Users/J Diddy/Documents/Unreal Projects/ElevatingAction/Content/ElevatingActionAudio/GameMasterAudio/CarEngine/S_CarEngine_Cue.uasset" 293
"../../../../../../Users/J Diddy/Documents/Unreal Projects/ElevatingAction/Content/ElevatingActionAudio/GameMasterAudio/SecretFileCollection/points_ticker_bonus_score_reward_single_01.uasset" 294
"../../../../../../Users/J Diddy/Documents/Unreal Projects/ElevatingAction/Content/ElevatingActionAudio/GameMasterAudio/SecretFileCollection/points_ticker_bonus_score_reward_single_04.uasset" 295
"../../../../../../Users/J Diddy/Documents/Unreal Projects/ElevatingAction/Content/ElevatingActionUI/Blueprints/Widget_BonusScore.uasset" 296
"../../../../../../Users/J Diddy/Documents/Unreal Projects/ElevatingAction/Content/PolygonCity/Materials/Mat_PolygonCity_FX_Steam.uasset" 297
"../../../../../../Users/J Diddy/Documents/Unreal Projects/ElevatingAction/Content/PolygonCity/FX/P_FX_Steam.uasset" 298
"../../../../../../Users/J Diddy/Documents/Unreal Projects/ElevatingAction/Content/PolygonSpy/Textures/T_PolygonSpy_03_A.uasset" 299
"../../../../../../Users/J Diddy/Documents/Unreal Projects/ElevatingAction/Content/PolygonSpy/Textures/T_PolygonSpy_Metallic.uasset" 300
"../../../../../../Users/J Diddy/Documents/Unreal Projects/ElevatingAction/Content/PolygonSpy/Textures/T_PolygonSpy_Roughness.uasset" 301
"../../../../../../Users/J Diddy/Documents/Unreal Projects/ElevatingAction/Content/PolygonSpy/Materials/MAT_PolygonSpy_Car.uasset" 302
"../../../../../../Users/J Diddy/Documents/Unreal Projects/ElevatingAction/Content/PolygonSpy/Materials/Mat_PolygonSpy_Glass.uasset" 303
"../../../../../../Users/J Diddy/Documents/Unreal Projects/ElevatingAction/Content/PolygonSpy/Meshes/Vehicles/SK_Veh_SpyCar_01_PhysicsAsset.uasset" 304
"../../../../../../Users/J Diddy/Documents/Unreal Projects/ElevatingAction/Content/PolygonSpy/Meshes/Vehicles/SK_Veh_SpyCar_01.uasset" 305
"../../../../../../Users/J Diddy/Documents/Unreal Projects/ElevatingAction/Content/ElevatingActionSecretAgent/Vehicle/BP_Veh_SpyCar.uasset" 306
"../../../../../../Users/J Diddy/Documents/Unreal Projects/ElevatingAction/Content/ElevatingActionAudio/ElectronicAbstractMusicPack/S_BackgroundMusic_Cue.uasset" 307
"../../../../../../Users/J Diddy/Documents/Unreal Projects/ElevatingAction/Content/ElevatingActionAudio/GameMasterAudio/SecretFileCollection/collect_item_hurry_up_alarm_warning_01.uasset" 308
"../../../../../../Users/J Diddy/Documents/Unreal Projects/ElevatingAction/Content/ElevatingActionAudio/GameMasterAudio/SecretFileCollection/points_ticker_bonus_score_reward_jingle_04.uasset" 309
"../../../../../../Users/J Diddy/Documents/Unreal Projects/ElevatingAction/Content/ElevatingActionUI/Fonts/WildWest/Wild_West_USA.uasset" 310
"../../../../../../Users/J Diddy/Documents/Unreal Projects/ElevatingAction/Content/ElevatingActionUI/Fonts/WildWest/Wild_West_USA_Font.uasset" 311
"../../../../../../Users/J Diddy/Documents/Unreal Projects/ElevatingAction/Content/ElevatingActionUI/Blueprints/Widget_VolumeBox.uasset" 312
"../../../../../../Users/J Diddy/Documents/Unreal Projects/ElevatingAction/Content/ElevatingActionUI/Icons/arrowLeft.uasset" 313
"../../../../../../Users/J Diddy/Documents/Unreal Projects/ElevatingAction/Content/ElevatingActionUI/Icons/audioOff.uasset" 314
"../../../../../../Users/J Diddy/Documents/Unreal Projects/ElevatingAction/Content/ElevatingActionUI/Icons/audioOn.uasset" 315
"../../../../../../Users/J Diddy/Documents/Unreal Projects/ElevatingAction/Content/ElevatingActionUI/Blueprints/Widget_PauseMenu.uasset" 316
"../../../../../../Users/J Diddy/Documents/Unreal Projects/ElevatingAction/Content/PolygonSpy/Meshes/Props/SM_Prop_Files_01.uasset" 317
"../../../../../../Users/J Diddy/Documents/Unreal Projects/ElevatingAction/Content/ElevatingActionSecretAgent/Character/Player/BP_SecretAgent_Otto.uasset" 318
"../../../../../../Users/J Diddy/Documents/Unreal Projects/ElevatingAction/Content/ElevatingActionSecretAgent/Camera/ZoomCurve_ElevatingActionCamera.uasset" 319
"../../../../../../Users/J Diddy/Documents/Unreal Projects/ElevatingAction/Content/ElevatingActionSecretAgent/Camera/BP_ElevatingActionCamera.uasset" 320
"../../../../../../Users/J Diddy/Documents/Unreal Projects/ElevatingAction/Content/ElevatingActionSecretAgent/Camera/BP_Character_Otto_Camera.uasset" 321
"../../../Engine/Content/Animation/DefaultAnimBoneCompressionSettings.uasset" 322
"../../../../../../Users/J Diddy/Documents/Unreal Projects/ElevatingAction/Content/ElevatingActionSecretAgent/Character/Animations/W1_Crouch_Fire_Single.uasset" 323
"../../../../../../Users/J Diddy/Documents/Unreal Projects/ElevatingAction/Content/ElevatingActionSecretAgent/Character/Animations/W1_Crouch_Fire_Single_Montage.uasset" 324
"../../../../../../Users/J Diddy/Documents/Unreal Projects/ElevatingAction/Content/ElevatingActionSecretAgent/Character/Animations/W1_Stand_Fire_Single.uasset" 325
"../../../../../../Users/J Diddy/Documents/Unreal Projects/ElevatingAction/Content/ElevatingActionSecretAgent/Character/Animations/W1_Stand_Fire_Single_Montage.uasset" 326
"../../../../../../Users/J Diddy/Documents/Unreal Projects/ElevatingAction/Content/ElevatingActionSecretAgent/Character/Animations/Driving.uasset" 327
"../../../../../../Users/J Diddy/Documents/Unreal Projects/ElevatingAction/Content/ElevatingActionSecretAgent/Character/Animations/W1_Aim_Equip_Get_From_MOB.uasset" 328
"../../../../../../Users/J Diddy/Documents/Unreal Projects/ElevatingAction/Content/ElevatingActionSecretAgent/Character/Animations/W1_Crouch_Aim_Idle_IPC.uasset" 329
"../../../../../../Users/J Diddy/Documents/Unreal Projects/ElevatingAction/Content/ElevatingActionAudio/GameMasterAudio/SecretAgentVoices/Crouch/S_CrouchUp_Cue.uasset" 330
"../../../../../../Users/J Diddy/Documents/Unreal Projects/ElevatingAction/Content/ElevatingActionSecretAgent/Character/Animations/W1_Crouch_Aim_To_Stand_Aim_IPC.uasset" 331
"../../../../../../Users/J Diddy/Documents/Unreal Projects/ElevatingAction/Content/ElevatingActionSecretAgent/Character/Animations/W1_Jog_Aim_F_Jump_RU_Air_IPC.uasset" 332
"../../../../../../Users/J Diddy/Documents/Unreal Projects/ElevatingAction/Content/ElevatingActionAudio/GameMasterAudio/SecretAgentFootsteps/InsideOffice/Land/S_LandWhileMoving_Cue.uasset" 333
"../../../../../../Users/J Diddy/Documents/Unreal Projects/ElevatingAction/Content/ElevatingActionSecretAgent/Character/Animations/W1_Jog_Aim_F_Jump_RU_End_IPC.uasset" 334
"../../../../../../Users/J Diddy/Documents/Unreal Projects/ElevatingAction/Content/ElevatingActionAudio/GameMasterAudio/SecretAgentVoices/Jump/S_Jump_Cue.uasset" 335
"../../../../../../Users/J Diddy/Documents/Unreal Projects/ElevatingAction/Content/ElevatingActionSecretAgent/Character/Animations/W1_Jog_Aim_F_Jump_RU_Start_IPC.uasset" 336
"../../../../../../Users/J Diddy/Documents/Unreal Projects/ElevatingAction/Content/ElevatingActionSecretAgent/Character/Animations/W1_Stand_Aim_Idle_IPC.uasset" 337
"../../../../../../Users/J Diddy/Documents/Unreal Projects/ElevatingAction/Content/ElevatingActionSecretAgent/Character/Animations/W1_Stand_Aim_Jump_Air_IPC.uasset" 338
"../../../../../../Users/J Diddy/Documents/Unreal Projects/ElevatingAction/Content/ElevatingActionAudio/GameMasterAudio/SecretAgentFootsteps/InsideOffice/Land/S_LandWhileStanding_Cue.uasset" 339
"../../../../../../Users/J Diddy/Documents/Unreal Projects/ElevatingAction/Content/ElevatingActionSecretAgent/Character/Animations/W1_Stand_Aim_Jump_End_IPC.uasset" 340
"../../../../../../Users/J Diddy/Documents/Unreal Projects/ElevatingAction/Content/ElevatingActionSecretAgent/Character/Animations/W1_Stand_Aim_Jump_Start_IPC.uasset" 341
"../../../../../../Users/J Diddy/Documents/Unreal Projects/ElevatingAction/Content/ElevatingActionAudio/GameMasterAudio/SecretAgentVoices/Crouch/S_CrouchDown_Cue.uasset" 342
"../../../../../../Users/J Diddy/Documents/Unreal Projects/ElevatingAction/Content/ElevatingActionSecretAgent/Character/Animations/W1_Stand_Aim_To_Crouch_Aim_IPC.uasset" 343
"../../../../../../Users/J Diddy/Documents/Unreal Projects/ElevatingAction/Content/ElevatingActionSecretAgent/Character/Animations/W1_Stand_Relaxed_Idle_IPC.uasset" 344
"../../../../../../Users/J Diddy/Documents/Unreal Projects/ElevatingAction/Content/ElevatingActionSecretAgent/Character/Animations/W1_Jog_Aim_F_Loop_IPC.uasset" 345
"../../../../../../Users/J Diddy/Documents/Unreal Projects/ElevatingAction/Content/ElevatingActionSecretAgent/Character/Animations/W1_Walk_Aim_F_Loop_IPC.uasset" 346
"../../../../../../Users/J Diddy/Documents/Unreal Projects/ElevatingAction/Content/ElevatingActionSecretAgent/Character/Animations/Aiming_Movement.uasset" 347
"../../../../../../Users/J Diddy/Documents/Unreal Projects/ElevatingAction/Content/ElevatingActionAudio/GameMasterAudio/SecretAgentFootsteps/InsideOffice/Run/S_RunningInOffice_Cue.uasset" 348
"../../../../../../Users/J Diddy/Documents/Unreal Projects/ElevatingAction/Content/ElevatingActionAudio/GameMasterAudio/SecretAgentFootsteps/InsideOffice/Walk/S_WalkingInOffice_Cue.uasset" 349
"../../../../../../Users/J Diddy/Documents/Unreal Projects/ElevatingAction/Content/ElevatingActionAudio/GameMasterAudio/SecretAgentFootsteps/OutsideOffice/S_RunningOutsideOffice_Cue.uasset" 350
"../../../../../../Users/J Diddy/Documents/Unreal Projects/ElevatingAction/Content/ElevatingActionSecretAgent/Character/Animations/ABP_ElevatingActionCharacter.uasset" 351
"../../../../../../Users/J Diddy/Documents/Unreal Projects/ElevatingAction/Content/PolygonCity/Textures/T_PolygonCity_Texture_03_A.uasset" 352
"../../../../../../Users/J Diddy/Documents/Unreal Projects/ElevatingAction/Content/PolygonSpy/Materials/Mat_PolygonSpy_01_Otto.uasset" 353
"../../../../../../Users/J Diddy/Documents/Unreal Projects/ElevatingAction/Content/ElevatingActionSecretAgent/Character/Player/SK_SecretAgent_Otto.uasset" 354
"../../../../../../Users/J Diddy/Documents/Unreal Projects/ElevatingAction/Content/ElevatingActionSecretAgent/Vehicle/Veh_SpyCar_DataConfig.uasset" 355
"../../../../../../Users/J Diddy/Documents/Unreal Projects/ElevatingAction/Content/ElevatingActionUI/Blueprints/Widget_SpecialAgentOtto.uasset" 356
"../../../../../../Users/J Diddy/Documents/Unreal Projects/ElevatingAction/Content/PolygonOffice/Meshes/Buildings/SM_Bld_Door_04.uasset" 357
"../../../../../../Users/J Diddy/Documents/Unreal Projects/ElevatingAction/Content/PolygonCity/Textures/T_PolygonCity_Texture_Normal_01.uasset" 358
"../../../../../../Users/J Diddy/Documents/Unreal Projects/ElevatingAction/Content/PolygonCity/Materials/Mat_PolygonCity_Glass_Windows.uasset" 359
"../../../../../../Users/J Diddy/Documents/Unreal Projects/ElevatingAction/Content/PolygonOffice/Meshes/Buildings/SM_Bld_Door_translucentGlass.uasset" 360
"../../../../../../Users/J Diddy/Documents/Unreal Projects/ElevatingAction/Content/PolygonOffice/Meshes/Buildings/SM_Bld_Door_05.uasset" 361
"../../../../../../Users/J Diddy/Documents/Unreal Projects/ElevatingAction/Content/PolygonOffice/Meshes/Buildings/SM_Bld_Elevator_01.uasset" 362
"../../../../../../Users/J Diddy/Documents/Unreal Projects/ElevatingAction/Content/PolygonOffice/Meshes/Buildings/SM_Bld_Elevator_01_Door.uasset" 363
"../../../../../../Users/J Diddy/Documents/Unreal Projects/ElevatingAction/Content/PolygonSpy/Meshes/Props/SK_Prop_ID_01.uasset" 364
"../../../../../../Users/J Diddy/Documents/Unreal Projects/ElevatingAction/Content/PolygonSpy/Meshes/Weapons/SK_Wep_Pistol_01_PhysicsAsset.uasset" 365
"../../../../../../Users/J Diddy/Documents/Unreal Projects/ElevatingAction/Content/PolygonSpy/Meshes/Weapons/SK_Wep_Pistol_01_Skeleton.uasset" 366
"../../../../../../Users/J Diddy/Documents/Unreal Projects/ElevatingAction/Content/PolygonSpy/Meshes/Weapons/SK_Wep_Pistol_01.uasset" 367
"../../../../../../Users/J Diddy/Documents/Unreal Projects/ElevatingAction/Content/PolygonSpy/Textures/T_PolygonSpy_02_A.uasset" 368
"../../../../../../Users/J Diddy/Documents/Unreal Projects/ElevatingAction/Content/PolygonSpy/Textures/T_PolygonSpy_04_A.uasset" 369
"../../../../../../Users/J Diddy/Documents/Unreal Projects/ElevatingAction/Content/PolygonSpy/Textures/T_PolygonSpy_Emission_01.uasset" 370
"../../../../../../Users/J Diddy/Documents/Unreal Projects/ElevatingAction/Content/ElevatingActionAudio/GameMasterAudio/ExplosionSounds/explosion_small_short_01.uasset" 371
"../../../../../../Users/J Diddy/Documents/Unreal Projects/ElevatingAction/Content/ElevatingActionAudio/GameMasterAudio/ExplosionSounds/explosion_small_short_02.uasset" 372
"../../../../../../Users/J Diddy/Documents/Unreal Projects/ElevatingAction/Content/ToonProjectilesVol1/Blueprints/BP_GAP_UnrealProjectile.uasset" 373
"../../../../../../Users/J Diddy/Documents/Unreal Projects/ElevatingAction/Content/ToonProjectilesVol1/Textures/Beams/T_Beam01Grey.uasset" 374
"../../../../../../Users/J Diddy/Documents/Unreal Projects/ElevatingAction/Content/ToonProjectilesVol1/Materials/Originals/M_AlphaBlended.uasset" 375
"../../../../../../Users/J Diddy/Documents/Unreal Projects/ElevatingAction/Content/ToonProjectilesVol1/Textures/Texturesheets/T_ToonProjectilesVol1_10X10_8K_part1.uasset" 376
"../../../../../../Users/J Diddy/Documents/Unreal Projects/ElevatingAction/Content/ToonProjectilesVol1/Materials/Mi_ToonProjectilesP1_10x10_AB.uasset" 377
"../../../../../../Users/J Diddy/Documents/Unreal Projects/ElevatingAction/Content/ToonProjectilesVol1/Materials/Originals/M_Additive.uasset" 378
"../../../../../../Users/J Diddy/Documents/Unreal Projects/ElevatingAction/Content/ToonProjectilesVol1/Materials/Mi_ToonProjectilesP1_10x10_Add.uasset" 379
"../../../../../../Users/J Diddy/Documents/Unreal Projects/ElevatingAction/Content/ToonProjectilesVol1/Particles/Hits/P_Hit_Bullet01Blue.uasset" 380
"../../../../../../Users/J Diddy/Documents/Unreal Projects/ElevatingAction/Content/ToonProjectilesVol1/Particles/Muzzles/P_Muzzle_Bullet01Blue.uasset" 381
"../../../../../../Users/J Diddy/Documents/Unreal Projects/ElevatingAction/Content/ToonProjectilesVol1/Textures/T_Projectile01.uasset" 382
"../../../../../../Users/J Diddy/Documents/Unreal Projects/ElevatingAction/Content/ToonProjectilesVol1/Materials/Mi_Projectile01.uasset" 383
"../../../../../../Users/J Diddy/Documents/Unreal Projects/ElevatingAction/Content/ToonProjectilesVol1/Materials/Originals/M_Additive_Tex.uasset" 384
"../../../../../../Users/J Diddy/Documents/Unreal Projects/ElevatingAction/Content/ToonProjectilesVol1/Textures/Square/T_Square02.uasset" 385
"../../../../../../Users/J Diddy/Documents/Unreal Projects/ElevatingAction/Content/ToonProjectilesVol1/Materials/Mi_Square02.uasset" 386
"../../../Engine/Content/Functions/Engine_MaterialFunctions01/Opacity/CameraDepthFade.uasset" 387
"../../../Engine/Content/EngineMaterials/T_Default_Material_Grid_M.uasset" 388
"../../../Engine/Content/EngineMaterials/T_Default_Material_Grid_N.uasset" 389
"../../../Engine/Content/EngineMaterials/WorldGridMaterial.uasset" 390
"../../../../../../Users/J Diddy/Documents/Unreal Projects/ElevatingAction/Content/ToonProjectilesVol1/Models/SM_BiPlanar01.uasset" 391
"../../../../../../Users/J Diddy/Documents/Unreal Projects/ElevatingAction/Content/ToonProjectilesVol1/Particles/Projectiles/P_Projectile_Bullet01Blue.uasset" 392
"../../../../../../Users/J Diddy/Documents/Unreal Projects/ElevatingAction/Content/ToonProjectilesVol1/Blueprints/BP_Projectile_Bullet01Red.uasset" 393
"../../../../../../Users/J Diddy/Documents/Unreal Projects/ElevatingAction/Content/ToonProjectilesVol1/Materials/Mi_Beam01.uasset" 394
"../../../../../../Users/J Diddy/Documents/Unreal Projects/ElevatingAction/Content/ToonProjectilesVol1/Models/SM_Quad.uasset" 395
"../../../../../../Users/J Diddy/Documents/Unreal Projects/ElevatingAction/Content/ToonProjectilesVol1/Models/SM_RingMesh01.uasset" 396
"../../../../../../Users/J Diddy/Documents/Unreal Projects/ElevatingAction/Content/ToonProjectilesVol1/Particles/Hits/P_Hit_Ball01Blue.uasset" 397
"../../../../../../Users/J Diddy/Documents/Unreal Projects/ElevatingAction/Content/ToonProjectilesVol1/Particles/Hits/P_Hit_Bomb01Blue.uasset" 398
"../../../../../../Users/J Diddy/Documents/Unreal Projects/ElevatingAction/Content/ToonProjectilesVol1/Particles/Hits/P_Hit_Bomb02Blue.uasset" 399
"../../../../../../Users/J Diddy/Documents/Unreal Projects/ElevatingAction/Content/ToonProjectilesVol1/Particles/Hits/P_Hit_Bomb03Blue.uasset" 400
"../../../../../../Users/J Diddy/Documents/Unreal Projects/ElevatingAction/Content/ToonProjectilesVol1/Textures/Texturesheets/T_ToonProjectilesVol1_10X10_8K_part2.uasset" 401
"../../../../../../Users/J Diddy/Documents/Unreal Projects/ElevatingAction/Content/ToonProjectilesVol1/Materials/Mi_ToonProjectilesP2_10x10_Add.uasset" 402
"../../../../../../Users/J Diddy/Documents/Unreal Projects/ElevatingAction/Content/ToonProjectilesVol1/Particles/Hits/P_Hit_Fireball01Blue.uasset" 403
"../../../../../../Users/J Diddy/Documents/Unreal Projects/ElevatingAction/Content/ToonProjectilesVol1/Particles/Hits/P_Hit_MegaBomb01Blue.uasset" 404
"../../../../../../Users/J Diddy/Documents/Unreal Projects/ElevatingAction/Content/ToonProjectilesVol1/Particles/Hits/P_Hit_Plasma01Blue.uasset" 405
"../../../../../../Users/J Diddy/Documents/Unreal Projects/ElevatingAction/Content/ToonProjectilesVol1/Particles/Hits/P_Hit_Plasma02Blue.uasset" 406
"../../../../../../Users/J Diddy/Documents/Unreal Projects/ElevatingAction/Content/ToonProjectilesVol1/Particles/Hits/P_Hit_Triangle01Blue.uasset" 407
"../../../../../../Users/J Diddy/Documents/Unreal Projects/ElevatingAction/Content/ToonProjectilesVol1/Textures/T_Impact04.uasset" 408
"../../../../../../Users/J Diddy/Documents/Unreal Projects/ElevatingAction/Content/ToonProjectilesVol1/Materials/Mi_Impact04.uasset" 409
"../../../../../../Users/J Diddy/Documents/Unreal Projects/ElevatingAction/Content/ToonProjectilesVol1/Materials/Mi_ToonProjectilesP2_10x10_AB.uasset" 410
"../../../../../../Users/J Diddy/Documents/Unreal Projects/ElevatingAction/Content/ToonProjectilesVol1/Models/SM_Cylinder01.uasset" 411
"../../../../../../Users/J Diddy/Documents/Unreal Projects/ElevatingAction/Content/ToonProjectilesVol1/Particles/Hits/P_Hit_Waterball01Blue.uasset" 412
"../../../../../../Users/J Diddy/Documents/Unreal Projects/ElevatingAction/Content/ToonProjectilesVol1/Particles/Muzzles/P_Muzzle_Ball01Blue.uasset" 413
"../../../../../../Users/J Diddy/Documents/Unreal Projects/ElevatingAction/Content/ToonProjectilesVol1/Particles/Muzzles/P_Muzzle_Bomb01Blue.uasset" 414
"../../../../../../Users/J Diddy/Documents/Unreal Projects/ElevatingAction/Content/ToonProjectilesVol1/Particles/Muzzles/P_Muzzle_Bomb02Blue.uasset" 415
"../../../../../../Users/J Diddy/Documents/Unreal Projects/ElevatingAction/Content/ToonProjectilesVol1/Particles/Muzzles/P_Muzzle_Bomb03Blue.uasset" 416
"../../../../../../Users/J Diddy/Documents/Unreal Projects/ElevatingAction/Content/ToonProjectilesVol1/Particles/Muzzles/P_Muzzle_ElectricBall01Blue.uasset" 417
"../../../../../../Users/J Diddy/Documents/Unreal Projects/ElevatingAction/Content/ToonProjectilesVol1/Particles/Muzzles/P_Muzzle_Fireball01Blue.uasset" 418
"../../../../../../Users/J Diddy/Documents/Unreal Projects/ElevatingAction/Content/ToonProjectilesVol1/Particles/Muzzles/P_Muzzle_MegaBomb01Blue.uasset" 419
"../../../../../../Users/J Diddy/Documents/Unreal Projects/ElevatingAction/Content/ToonProjectilesVol1/Particles/Muzzles/P_Muzzle_Plasma01Blue.uasset" 420
"../../../../../../Users/J Diddy/Documents/Unreal Projects/ElevatingAction/Content/ToonProjectilesVol1/Particles/Muzzles/P_Muzzle_Plasma02Blue.uasset" 421
"../../../../../../Users/J Diddy/Documents/Unreal Projects/ElevatingAction/Content/ToonProjectilesVol1/Particles/Muzzles/P_Muzzle_Triangle01Blue.uasset" 422
"../../../../../../Users/J Diddy/Documents/Unreal Projects/ElevatingAction/Content/ToonProjectilesVol1/Particles/Muzzles/P_Muzzle_Waterball01Blue.uasset" 423
"../../../../../../Users/J Diddy/Documents/Unreal Projects/ElevatingAction/Content/ToonProjectilesVol1/Particles/Projectiles/P_Projectile_Ball01Blue.uasset" 424
"../../../../../../Users/J Diddy/Documents/Unreal Projects/ElevatingAction/Content/ToonProjectilesVol1/Particles/Projectiles/P_Projectile_Bomb01Blue.uasset" 425
"../../../../../../Users/J Diddy/Documents/Unreal Projects/ElevatingAction/Content/ToonProjectilesVol1/Particles/Projectiles/P_Projectile_Bomb02Blue.uasset" 426
"../../../../../../Users/J Diddy/Documents/Unreal Projects/ElevatingAction/Content/ToonProjectilesVol1/Textures/Texturesheets/T_ToonSmokeTrail01_3x3.uasset" 427
"../../../../../../Users/J Diddy/Documents/Unreal Projects/ElevatingAction/Content/ToonProjectilesVol1/Materials/Mi_ToonSmokeTrail01_AB_3x3.uasset" 428
"../../../../../../Users/J Diddy/Documents/Unreal Projects/ElevatingAction/Content/ToonProjectilesVol1/Particles/Projectiles/P_Projectile_Bomb03Blue.uasset" 429
"../../../../../../Users/J Diddy/Documents/Unreal Projects/ElevatingAction/Content/ToonProjectilesVol1/Particles/Projectiles/P_Projectile_ElectricBall01Blue.uasset" 430
"../../../../../../Users/J Diddy/Documents/Unreal Projects/ElevatingAction/Content/ToonProjectilesVol1/Particles/Projectiles/P_Projectile_ElectricBall02Blue.uasset" 431
"../../../../../../Users/J Diddy/Documents/Unreal Projects/ElevatingAction/Content/ToonProjectilesVol1/Textures/Texturesheets/T_ToonCircle02_3x3.uasset" 432
"../../../../../../Users/J Diddy/Documents/Unreal Projects/ElevatingAction/Content/ToonProjectilesVol1/Materials/Mi_ToonCircle02_Add_3x3.uasset" 433
"../../../../../../Users/J Diddy/Documents/Unreal Projects/ElevatingAction/Content/ToonProjectilesVol1/Textures/Gradients/T_GradientCenter03.uasset" 434
"../../../../../../Users/J Diddy/Documents/Unreal Projects/ElevatingAction/Content/ToonProjectilesVol1/Textures/Noise/T_Noise01.uasset" 435
"../../../../../../Users/J Diddy/Documents/Unreal Projects/ElevatingAction/Content/ToonProjectilesVol1/Textures/Noise/T_Noise02.uasset" 436
"../../../../../../Users/J Diddy/Documents/Unreal Projects/ElevatingAction/Content/ToonProjectilesVol1/Materials/Originals/M_AdditiveScroll01.uasset" 437
"../../../../../../Users/J Diddy/Documents/Unreal Projects/ElevatingAction/Content/ToonProjectilesVol1/Materials/Mi_Trail01_AddScroll.uasset" 438
"../../../../../../Users/J Diddy/Documents/Unreal Projects/ElevatingAction/Content/ToonProjectilesVol1/Models/SM_QuadSkewed.uasset" 439
"../../../../../../Users/J Diddy/Documents/Unreal Projects/ElevatingAction/Content/ToonProjectilesVol1/Models/SM_Ring01.uasset" 440
"../../../../../../Users/J Diddy/Documents/Unreal Projects/ElevatingAction/Content/ToonProjectilesVol1/Particles/Projectiles/P_Projectile_Fireball01Blue.uasset" 441
"../../../../../../Users/J Diddy/Documents/Unreal Projects/ElevatingAction/Content/ToonProjectilesVol1/Particles/Projectiles/P_Projectile_MegaBomb01Blue.uasset" 442
"../../../../../../Users/J Diddy/Documents/Unreal Projects/ElevatingAction/Content/ToonProjectilesVol1/Particles/Projectiles/P_Projectile_Plasma01Blue.uasset" 443
"../../../../../../Users/J Diddy/Documents/Unreal Projects/ElevatingAction/Content/ToonProjectilesVol1/Particles/Projectiles/P_Projectile_Plasma02Blue.uasset" 444
"../../../../../../Users/J Diddy/Documents/Unreal Projects/ElevatingAction/Content/ToonProjectilesVol1/Particles/Projectiles/P_Projectile_TriangleBlue.uasset" 445
"../../../../../../Users/J Diddy/Documents/Unreal Projects/ElevatingAction/Content/ToonProjectilesVol1/Particles/Projectiles/P_Projectile_WaterBall01.uasset" 446
"../../../../../../Users/J Diddy/Documents/Unreal Projects/ElevatingAction/Content/ToonProjectilesVol1/Textures/Beams/T_Beam01Orange.uasset" 447
"../../../../../../Users/J Diddy/Documents/Unreal Projects/ElevatingAction/Content/ToonProjectilesVol1/Textures/Beams/T_Beam01Red.uasset" 448
"../../../../../../Users/J Diddy/Documents/Unreal Projects/ElevatingAction/Content/ToonProjectilesVol1/Textures/Beams/T_Beam01Violet.uasset" 449
"../../../../../../Users/J Diddy/Documents/Unreal Projects/ElevatingAction/Content/ToonProjectilesVol1/Textures/Beams/T_Beam01White.uasset" 450
"../../../../../../Users/J Diddy/Documents/Unreal Projects/ElevatingAction/Content/ToonProjectilesVol1/Textures/Beams/T_Beam01Yellow.uasset" 451
"../../../../../../Users/J Diddy/Documents/Unreal Projects/ElevatingAction/Content/ToonProjectilesVol1/Textures/Beams/T_Beam02.uasset" 452
"../../../../../../Users/J Diddy/Documents/Unreal Projects/ElevatingAction/Content/ToonProjectilesVol1/Textures/Beams/T_VignetteMask.uasset" 453
"../../../../../../Users/J Diddy/Documents/Unreal Projects/ElevatingAction/Content/ToonProjectilesVol1/Textures/Gradients/T_GradientCenter01.uasset" 454
"../../../../../../Users/J Diddy/Documents/Unreal Projects/ElevatingAction/Content/ToonProjectilesVol1/Textures/Gradients/T_GradientCenter02.uasset" 455
"../../../../../../Users/J Diddy/Documents/Unreal Projects/ElevatingAction/Content/ToonProjectilesVol1/Textures/Gradients/T_GradientCenter04.uasset" 456
"../../../../../../Users/J Diddy/Documents/Unreal Projects/ElevatingAction/Content/ToonProjectilesVol1/Textures/Gradients/T_Gradient_aqua.uasset" 457
"../../../../../../Users/J Diddy/Documents/Unreal Projects/ElevatingAction/Content/ToonProjectilesVol1/Textures/Gradients/T_Gradient_blue.uasset" 458
"../../../../../../Users/J Diddy/Documents/Unreal Projects/ElevatingAction/Content/ToonProjectilesVol1/Textures/Gradients/T_Gradient_green.uasset" 459
"../../../../../../Users/J Diddy/Documents/Unreal Projects/ElevatingAction/Content/ToonProjectilesVol1/Textures/Gradients/T_Gradient_greyscale.uasset" 460
"../../../../../../Users/J Diddy/Documents/Unreal Projects/ElevatingAction/Content/ToonProjectilesVol1/Textures/Gradients/T_Gradient_red.uasset" 461
"../../../../../../Users/J Diddy/Documents/Unreal Projects/ElevatingAction/Content/ToonProjectilesVol1/Textures/Gradients/T_Gradient_violet.uasset" 462
"../../../../../../Users/J Diddy/Documents/Unreal Projects/ElevatingAction/Content/ToonProjectilesVol1/Textures/Gradients/T_Gradient_yellow.uasset" 463
"../../../../../../Users/J Diddy/Documents/Unreal Projects/ElevatingAction/Content/ToonProjectilesVol1/Textures/Noise/T_Noise00.uasset" 464
"../../../../../../Users/J Diddy/Documents/Unreal Projects/ElevatingAction/Content/ToonProjectilesVol1/Textures/Noise/T_Noise000.uasset" 465
"../../../../../../Users/J Diddy/Documents/Unreal Projects/ElevatingAction/Content/ToonProjectilesVol1/Textures/Noise/T_Noise03.uasset" 466
"../../../../../../Users/J Diddy/Documents/Unreal Projects/ElevatingAction/Content/ToonProjectilesVol1/Textures/Noise/T_Noise04.uasset" 467
"../../../../../../Users/J Diddy/Documents/Unreal Projects/ElevatingAction/Content/ToonProjectilesVol1/Textures/Noise/T_Noise05.uasset" 468
"../../../../../../Users/J Diddy/Documents/Unreal Projects/ElevatingAction/Content/ToonProjectilesVol1/Textures/Noise/T_Noise06.uasset" 469
"../../../../../../Users/J Diddy/Documents/Unreal Projects/ElevatingAction/Content/ToonProjectilesVol1/Textures/Noise/T_Noise07.uasset" 470
"../../../../../../Users/J Diddy/Documents/Unreal Projects/ElevatingAction/Content/ToonProjectilesVol1/Textures/Noise/T_Noise08.uasset" 471
"../../../../../../Users/J Diddy/Documents/Unreal Projects/ElevatingAction/Content/ToonProjectilesVol1/Textures/Noise/T_Noise09.uasset" 472
"../../../../../../Users/J Diddy/Documents/Unreal Projects/ElevatingAction/Content/ToonProjectilesVol1/Textures/Noise/T_Noise10.uasset" 473
"../../../../../../Users/J Diddy/Documents/Unreal Projects/ElevatingAction/Content/ToonProjectilesVol1/Textures/Noise/T_Noise11.uasset" 474
"../../../../../../Users/J Diddy/Documents/Unreal Projects/ElevatingAction/Content/ToonProjectilesVol1/Textures/Noise/T_Noise12.uasset" 475
"../../../../../../Users/J Diddy/Documents/Unreal Projects/ElevatingAction/Content/ToonProjectilesVol1/Textures/Square/T_Square01.uasset" 476
"../../../../../../Users/J Diddy/Documents/Unreal Projects/ElevatingAction/Content/ToonProjectilesVol1/Textures/Square/T_Square03.uasset" 477
"../../../../../../Users/J Diddy/Documents/Unreal Projects/ElevatingAction/Content/ToonProjectilesVol1/Textures/Square/T_Square04.uasset" 478
"../../../../../../Users/J Diddy/Documents/Unreal Projects/ElevatingAction/Content/ToonProjectilesVol1/Textures/Square/T_SunShafts01.uasset" 479
"../../../Engine/Content/Animation/DefaultAnimCurveCompressionSettings.uasset" 480
"../../../Engine/Content/ArtTools/RenderToTexture/Meshes/S_1_Unit_Plane.uasset" 481
"../../../Engine/Content/EngineMaterials/DefaultMaterial.uasset" 482
"../../../Engine/Content/BasicShapes/Cone.uasset" 483
"../../../Engine/Content/BasicShapes/Cube.uasset" 484
"../../../Engine/Content/BasicShapes/Cylinder.uasset" 485
"../../../Engine/Content/BasicShapes/Plane.uasset" 486
"../../../Engine/Content/BasicShapes/Sphere.uasset" 487
"../../../Engine/Content/EditorLandscapeResources/DataLayer.uasset" 488
"../../../Engine/Content/EditorMaterials/MAT_Groups_Toggle.uasset" 489
"../../../Engine/Content/EditorMaterials/MAT_Groups_Visibility.uasset" 490
"../../../Engine/Content/EditorMaterials/PreviewShadowIndicator.uasset" 491
"../../../Engine/Content/EditorMaterials/PreviewShadowIndicatorMaterial.uasset" 492
"../../../Engine/Content/EditorMaterials/MatineeGroups/MAT_ColorTrack.uasset" 493
"../../../Engine/Content/EditorMaterials/MatineeGroups/MAT_Groups_Anim.uasset" 494
"../../../Engine/Content/EditorMaterials/MatineeGroups/MAT_Groups_AudioMaster.uasset" 495
"../../../Engine/Content/EditorMaterials/MatineeGroups/MAT_Groups_Director.uasset" 496
"../../../Engine/Content/EditorMaterials/MatineeGroups/MAT_Groups_Event.uasset" 497
"../../../Engine/Content/EditorMaterials/MatineeGroups/MAT_Groups_Fade.uasset" 498
"../../../Engine/Content/EditorMaterials/MatineeGroups/MAT_Groups_Float.uasset" 499
"../../../Engine/Content/EditorMaterials/MatineeGroups/MAT_Groups_Move.uasset" 500
"../../../Engine/Content/EditorMaterials/MatineeGroups/MAT_Groups_Slomo.uasset" 501
"../../../Engine/Content/EditorMaterials/MatineeGroups/MAT_Groups_Sound.uasset" 502
"../../../Engine/Content/EditorMaterials/MatineeGroups/MAT_Groups_Vector.uasset" 503
"../../../Engine/Content/EditorMaterials/ParticleSystems/PSysThumbnail_NoImage.uasset" 504
"../../../Engine/Content/EditorMaterials/ParticleSystems/PSysThumbnail_OOD.uasset" 505
"../../../Engine/Content/EditorMaterials/Camera/CineMat.uasset" 506
"../../../Engine/Content/EditorMaterials/Camera/MI_CineMat_Rig.uasset" 507
"../../../Engine/Content/EditorMeshes/Camera/SM_CraneRig_Arm.uasset" 508
"../../../Engine/Content/EditorMeshes/Camera/SM_CraneRig_Base.uasset" 509
"../../../Engine/Content/EditorMeshes/Camera/SM_CraneRig_Body.uasset" 510
"../../../Engine/Content/EditorMeshes/Camera/SM_CraneRig_Mount.uasset" 511
"../../../Engine/Content/EditorMeshes/Camera/SM_RailRig_Mount.uasset" 512
"../../../Engine/Content/EditorMeshes/Camera/SM_RailRig_Track.uasset" 513
"../../../Engine/Content/EditorResources/BSPVertex.uasset" 514
"../../../Engine/Content/EditorResources/EmptyActor.uasset" 515
"../../../Engine/Content/EditorResources/S_Actor.uasset" 516
"../../../Engine/Content/EditorResources/S_Note.uasset" 517
"../../../Engine/Content/EditorResources/S_Solver.uasset" 518
"../../../Engine/Content/EditorResources/S_Trigger.uasset" 519
"../../../Engine/Content/EditorResources/AudioIcons/S_AudioComponent.uasset" 520
"../../../Engine/Content/EditorResources/SequenceRecorder/Countdown.uasset" 521
"../../../Engine/Content/EditorResources/SequenceRecorder/RecordingIndicator.uasset" 522
"../../../Engine/Content/EditorSounds/Notifications/CompileFailed.uasset" 523
"../../../Engine/Content/EditorSounds/Notifications/CompileFailed_Cue.uasset" 524
"../../../Engine/Content/EditorSounds/Notifications/CompileSuccess.uasset" 525
"../../../Engine/Content/EditorSounds/Notifications/CompileStart_Cue.uasset" 526
"../../../Engine/Content/EditorSounds/Notifications/CompileSuccess_Cue.uasset" 527
"../../../Engine/Content/EngineDamageTypes/DmgTypeBP_Environmental.uasset" 528
"../../../Engine/Content/EngineDebugMaterials/DebugEditorMaterial.uasset" 529
"../../../Engine/Content/EngineDebugMaterials/DebugMeshMaterial.uasset" 530
"../../../Engine/Content/EngineDebugMaterials/M_SimpleUnlitTranslucent.uasset" 531
"../../../Engine/Content/Functions/Engine_MaterialFunctions02/Utility/CameraDirectionVector.uasset" 532
"../../../Engine/Content/EngineDebugMaterials/VolumeToRender.uasset" 533
"../../../Engine/Content/EngineDebugMaterials/M_VolumeRenderSphereTracePP.uasset" 534
"../../../Engine/Content/EngineDebugMaterials/WireframeMaterial.uasset" 535
"../../../Engine/Content/EngineFonts/Faces/DroidSansFallback.uasset" 536
"../../../Engine/Content/EngineFonts/Faces/RobotoBold.uasset" 537
"../../../Engine/Content/EngineFonts/Faces/RobotoBoldItalic.uasset" 538
"../../../Engine/Content/EngineFonts/Faces/RobotoItalic.uasset" 539
"../../../Engine/Content/EngineFonts/Faces/RobotoLight.uasset" 540
"../../../Engine/Content/EngineFonts/Faces/RobotoRegular.uasset" 541
"../../../Engine/Content/EngineFonts/Roboto.uasset" 542
"../../../Engine/Content/EngineMaterials/BaseFlattenDiffuseMap.uasset" 543
"../../../Engine/Content/EngineMaterials/BaseFlattenEmissiveMap.uasset" 544
"../../../Engine/Content/EngineMaterials/BaseFlattenGrayscaleMap.uasset" 545
"../../../Engine/Content/EngineMaterials/BaseFlattenNormalMap.uasset" 546
"../../../Engine/Content/EngineMaterials/BaseFlattenMaterial.uasset" 547
"../../../Engine/Content/EngineMaterials/BlueNoise.uasset" 548
"../../../Engine/Content/EngineMaterials/DefaultBloomKernel.uasset" 549
"../../../Engine/Content/EngineMaterials/DefaultBokeh.uasset" 550
"../../../Engine/Content/EngineMaterials/DefaultDiffuse.uasset" 551
"../../../Engine/Content/EngineMaterials/DefaultDeferredDecalMaterial.uasset" 552
"../../../Engine/Content/EngineMaterials/DefaultLightFunctionMaterial.uasset" 553
"../../../Engine/Content/EngineMaterials/DefaultPhysicalMaterial.uasset" 554
"../../../Engine/Content/Functions/Engine_MaterialFunctions02/Utility/BreakOutFloat2Components.uasset" 555
"../../../Engine/Content/EngineMaterials/DefaultPostProcessMaterial.uasset" 556
"../../../Engine/Content/EngineMaterials/DefaultTextMaterialOpaque.uasset" 557
"../../../Engine/Content/EngineMaterials/DefaultWhiteGrid.uasset" 558
"../../../Engine/Content/EngineMaterials/DefaultWhiteGrid_Low.uasset" 559
"../../../Engine/Content/EngineMaterials/EmissiveMeshMaterial.uasset" 560
"../../../Engine/Content/EngineMaterials/GizmoMaterial.uasset" 561
"../../../Engine/Content/EngineMaterials/Good64x64TilingNoiseHighFreq.uasset" 562
"../../../Engine/Content/EngineMaterials/MiniFont.uasset" 563
"../../../Engine/Content/EngineMaterials/InvalidLightmapSettings.uasset" 564
"../../../Engine/Content/EngineMaterials/M_InvalidLightmapSettings.uasset" 565
"../../../Engine/Content/Functions/Engine_MaterialFunctions02/WorldPositionOffset/CameraOffset.uasset" 566
"../../../Engine/Content/EngineMaterials/PhAT_JointLimitMaterial.uasset" 567
"../../../Engine/Content/EngineMaterials/PreintegratedSkinBRDF.uasset" 568
"../../../Engine/Content/EngineMaterials/RemoveSurfaceMaterial.uasset" 569
"../../../Engine/Content/EngineMaterials/WeightMapPlaceholderTexture.uasset" 570
"../../../Engine/Content/EngineResources/WhiteSquareTexture.uasset" 571
"../../../Engine/Content/EngineMaterials/Widget3DPassThrough.uasset" 572
"../../../Engine/Content/EngineMaterials/Widget3DPassThrough_Masked.uasset" 573
"../../../Engine/Content/EngineMaterials/Widget3DPassThrough_Opaque.uasset" 574
"../../../Engine/Content/EngineMaterials/Widget3DPassThrough_Masked_OneSided.uasset" 575
"../../../Engine/Content/EngineMaterials/Widget3DPassThrough_Opaque_OneSided.uasset" 576
"../../../Engine/Content/EngineMaterials/Widget3DPassThrough_Translucent.uasset" 577
"../../../Engine/Content/EngineMaterials/Widget3DPassThrough_Translucent_OneSided.uasset" 578
"../../../Engine/Content/EngineMeshes/Cylinder.uasset" 579
"../../../Engine/Content/EngineMeshes/Sphere.uasset" 580
"../../../Engine/Content/EngineResources/Black.uasset" 581
"../../../Engine/Content/EngineResources/DefaultTexture.uasset" 582
"../../../Engine/Content/EngineResources/DefaultTextureCube.uasset" 583
"../../../Engine/Content/EngineResources/DefaultVolumeTexture2D.uasset" 584
"../../../Engine/Content/EngineResources/DefaultVolumeTexture.uasset" 585
"../../../Engine/Content/EngineResources/GradientTexture0.uasset" 586
"../../../Engine/Content/Functions/Engine_MaterialFunctions01/Shading/ConvertFromDiffSpec.uasset" 587
"../../../Engine/Content/Functions/Engine_MaterialFunctions01/Shading/PowerToRoughness.uasset" 588
"../../../Engine/Content/Maps/Templates/Thumbnails/Default.uasset" 589
"../../../Engine/Content/Maps/Templates/Thumbnails/TimeOfDay.uasset" 590
"../../../Engine/Content/Maps/Templates/Thumbnails/VR-Basic.uasset" 591
"../../../Engine/Content/MobileResources/T_MobileControls_texture.uasset" 592
"../../../Engine/Content/MobileResources/T_MobileMenu2.uasset" 593
"../../../Engine/Content/MobileResources/HUD/AnalogHat.uasset" 594
"../../../Engine/Content/MobileResources/HUD/VirtualJoystick_Background.uasset" 595
"../../../Engine/Content/MobileResources/HUD/VirtualJoystick_Thumb.uasset" 596
"../../../Engine/Content/MobileResources/HUD/DefaultVirtualJoysticks.uasset" 597
"../../../Engine/Content/MobileResources/HUD/LeftVirtualJoystickOnly.uasset" 598
"../../../Engine/Content/MobileResources/HUD/MobileHUDButton1_off.uasset" 599
"../../../Engine/Content/MobileResources/HUD/MobileHUDButton1_on.uasset" 600
"../../../Engine/Content/MobileResources/HUD/MobileHUDButton2_off.uasset" 601
"../../../Engine/Content/MobileResources/HUD/MobileHUDButton2_on.uasset" 602
"../../../Engine/Content/MobileResources/HUD/MobileHUDButton3.uasset" 603
"../../../Engine/Content/MobileResources/HUD/MobileHUDButtonFire.uasset" 604
"../../../Engine/Content/MobileResources/HUD/MobileHUDDirectionPad.uasset" 605
"../../../Engine/Content/MobileResources/HUD/MobileHUDDirectionPad2.uasset" 606
"../../../Engine/Content/MobileResources/HUD/MobileHUDDirectionPad3.uasset" 607
"../../../Engine/Content/MobileResources/HUD/MobileHUDDirectionStick.uasset" 608
"../../../Engine/Content/MobileResources/HUD/T_Castle_ThumbstickInner.uasset" 609
"../../../Engine/Content/MobileResources/HUD/T_Castle_ThumbstickOutter.uasset" 610
"../../../Engine/Content/Tutorial/ContentIntroCurve.uasset" 611
"../../../Engine/Content/Tutorial/Basics/LevelEditorAttract.uasset" 612
"../../../Engine/Content/Tutorial/Basics/TutorialAssets/icon_tab_Levels_40x.uasset" 613
"../../../Engine/Content/Tutorial/Basics/LevelEditorOverview.uasset" 614
"../../../Engine/Content/VREditor/LaserPointer/VR_LaserPower_01.uasset" 615
"../../../Engine/Content/VREditor/TransformGizmo/TransformGizmoMaterial.uasset" 616
"../../../Engine/Content/VREditor/TransformGizmo/TranslucentTransformGizmoMaterial.uasset" 617
"../../../Engine/Content/VREditor/TransformGizmo/BoundingBoxCorner.uasset" 618
"../../../Engine/Content/VREditor/TransformGizmo/BoundingBoxEdge.uasset" 619
"../../../Engine/Content/VREditor/TransformGizmo/PlaneTranslationHandle.uasset" 620
"../../../Engine/Content/VREditor/TransformGizmo/Main.uasset" 621
"../../../Engine/Content/VREditor/TransformGizmo/Xray.uasset" 622
"../../../Engine/Content/VREditor/TransformGizmo/SM_Sequencer_Key.uasset" 623
"../../../Engine/Content/VREditor/TransformGizmo/SM_Sequencer_Node.uasset" 624
"../../Plugins/2D/Paper2D/Content/PlaceholderTextures/DummySpriteTexture.uasset" 625
"../../Plugins/2D/Paper2D/Content/DummySprite.uasset" 626
"../../Plugins/2D/Paper2D/Content/DefaultPaperTerrainMaterial.uasset" 627
"../../Plugins/2D/Paper2D/Content/DefaultSpriteMaterial.uasset" 628
"../../Plugins/2D/Paper2D/Content/MaskedUnlitSpriteMaterial.uasset" 629
"../../Plugins/2D/Paper2D/Content/OpaqueUnlitSpriteMaterial.uasset" 630
"../../Plugins/FX/Niagara/Content/Enums/ENiagaraBooleanLogicOps.uasset" 631
"../../Plugins/FX/Niagara/Content/Enums/ENiagaraCoordinateSpace.uasset" 632
"../../Plugins/FX/Niagara/Content/Enums/ENiagaraExpansionMode.uasset" 633
"../../Plugins/FX/Niagara/Content/Enums/ENiagaraOrientationAxis.uasset" 634
"../../Plugins/FX/Niagara/Content/Enums/ENiagaraRandomnessMode.uasset" 635
"../../../Engine/Content/Functions/Engine_MaterialFunctions02/Utility/BreakOutFloat4Components.uasset" 636
"../../../Engine/Content/Functions/Engine_MaterialFunctions02/Utility/MakeFloat2.uasset" 637
"../../../Engine/Content/Functions/Engine_MaterialFunctions02/Utility/MakeFloat3.uasset" 638
"../../Plugins/Runtime/Oculus/OculusVR/Content/Materials/OculusMR_ChromaKey.uasset" 639
"../../Plugins/Runtime/Oculus/OculusVR/Content/Materials/OculusMR_ChromaKey_Lit.uasset" 640
"../../Plugins/Runtime/Oculus/OculusVR/Content/Materials/OculusMR_OpaqueColoredMaterial.uasset" 641
"../../Plugins/Runtime/Oculus/OculusVR/Content/Materials/OculusMR_WhiteMaterial.uasset" 642
"../../../../../../Users/J Diddy/Documents/Unreal Projects/ElevatingAction/Content/ElevatingActionAudio/GameMasterAudio/LampBreakingSounds/S_CeilingLampGlassBreak_Cue.uasset" 643
"../../../../../../Users/J Diddy/Documents/Unreal Projects/ElevatingAction/Content/PolygonOffice/Meshes/Props/Roof/SM_Prop_Light_04.uasset" 644
"../../../../../../Users/J Diddy/Documents/Unreal Projects/ElevatingAction/Content/ToonProjectilesVol1/Particles/Hits/P_Hit_ElectricBall01Blue.uasset" 645
"../../../../../../Users/J Diddy/Documents/Unreal Projects/ElevatingAction/Content/ElevatingActionOffice/Blueprints/BP_Bld_Office_Ceiling_Lamp.uasset" 646
"../../../../../../Users/J Diddy/Documents/Unreal Projects/ElevatingAction/Content/ElevatingActionOffice/Meshes/SM_Bld_ElevatorButton.uasset" 647
"../../../../../../Users/J Diddy/Documents/Unreal Projects/ElevatingAction/Content/PolygonOffice/Meshes/Buildings/SM_Bld_Wall_Blank_Elevator_01.uasset" 648
"../../../../../../Users/J Diddy/Documents/Unreal Projects/ElevatingAction/Content/PolygonOffice/Meshes/Buildings/SM_Bld_Wall_Blank_Window_03.uasset" 649
"../../../../../../Users/J Diddy/Documents/Unreal Projects/ElevatingAction/Content/PolygonOffice/Meshes/Buildings/SM_Bld_Wall_Blank_Window_03_Glass.uasset" 650
"../../../../../../Users/J Diddy/Documents/Unreal Projects/ElevatingAction/Content/PolygonOffice/Meshes/Buildings/SM_Bld_Wall_Blank_Window_04.uasset" 651
"../../../../../../Users/J Diddy/Documents/Unreal Projects/ElevatingAction/Content/PolygonOffice/Meshes/Buildings/SM_Bld_Wall_Blank_Window_04_Glass.uasset" 652
"../../../../../../Users/J Diddy/Documents/Unreal Projects/ElevatingAction/Content/PolygonOffice/Meshes/Buildings/SM_Bld_Window_Awning_01.uasset" 653
"../../../../../../Users/J Diddy/Documents/Unreal Projects/ElevatingAction/Content/PolygonOffice/Meshes/Buildings/SM_Bld_Window_Cover_Pole_01.uasset" 654
"../../../../../../Users/J Diddy/Documents/Unreal Projects/ElevatingAction/Content/ElevatingActionOffice/Blueprints/BP_Bld_Office_Basement.uasset" 655
"../../../../../../Users/J Diddy/Documents/Unreal Projects/ElevatingAction/Content/ElevatingActionOffice/Blueprints/BP_Bld_Office_FrontWall.uasset" 656
"../../../../../../Users/J Diddy/Documents/Unreal Projects/ElevatingAction/Content/PolygonOffice/Materials/Mat_PolygonOffice_01_A.uasset" 657
"../../../../../../Users/J Diddy/Documents/Unreal Projects/ElevatingAction/Content/PolygonOffice/Meshes/Buildings/SM_Bld_Roof_01.uasset" 658
"../../../../../../Users/J Diddy/Documents/Unreal Projects/ElevatingAction/Content/ElevatingActionOffice/Blueprints/BP_Bld_Office_Roof.uasset" 659
"../../../../../../Users/J Diddy/Documents/Unreal Projects/ElevatingAction/Content/PolygonOffice/Meshes/Buildings/SM_Bld_Wall_Brick_Elevator_01.uasset" 660
"../../../../../../Users/J Diddy/Documents/Unreal Projects/ElevatingAction/Content/ElevatingActionOffice/Blueprints/BP_Bld_Office_Roof_Elevator.uasset" 661
"../../../../../../Users/J Diddy/Documents/Unreal Projects/ElevatingAction/Content/PolygonOffice/Meshes/Buildings/SM_Bld_Stairs_Carpet_02.uasset" 662
"../../../../../../Users/J Diddy/Documents/Unreal Projects/ElevatingAction/Content/PolygonOffice/Meshes/Buildings/SM_Bld_Stairs_Top_Cube_01.uasset" 663
"../../../../../../Users/J Diddy/Documents/Unreal Projects/ElevatingAction/Content/PolygonOffice/Meshes/Buildings/SM_Bld_Stairs_Wood_02.uasset" 664
"../../../../../../Users/J Diddy/Documents/Unreal Projects/ElevatingAction/Content/ElevatingActionOffice/Blueprints/BP_Bld_Office_Stairs.uasset" 665
"../../../../../../Users/J Diddy/Documents/Unreal Projects/ElevatingAction/Content/ElevatingActionOffice/Blueprints/BP_Bld_Office_Wall_Blank.uasset" 666
"../../../../../../Users/J Diddy/Documents/Unreal Projects/ElevatingAction/Content/ElevatingActionOffice/Blueprints/BP_Bld_Office_Wall_Elevator.uasset" 667
"../../../../../../Users/J Diddy/Documents/Unreal Projects/ElevatingAction/Content/PolygonCity/Textures/T_PolygonCity_Road_01.uasset" 668
"../../../../../../Users/J Diddy/Documents/Unreal Projects/ElevatingAction/Content/PolygonCity/Textures/T_PolygonCity_Road_Normal.uasset" 669
"../../../../../../Users/J Diddy/Documents/Unreal Projects/ElevatingAction/Content/PolygonCity/Materials/Mat_PolygonCity_Texture_Road_01.uasset" 670
"../../../../../../Users/J Diddy/Documents/Unreal Projects/ElevatingAction/Content/PolygonCity/Meshes/Environments/SM_Env_Road_YellowLines_02.uasset" 671
"../../../../../../Users/J Diddy/Documents/Unreal Projects/ElevatingAction/Content/PolygonCity/Textures/T_PolygonCity_Emissive_01.uasset" 672
"../../../../../../Users/J Diddy/Documents/Unreal Projects/ElevatingAction/Content/PolygonCity/Textures/T_PolygonCity_Texture_01_A.uasset" 673
"../../../../../../Users/J Diddy/Documents/Unreal Projects/ElevatingAction/Content/PolygonCity/Textures/T_PolygonCity_Texture_Metallic.uasset" 674
"../../../../../../Users/J Diddy/Documents/Unreal Projects/ElevatingAction/Content/PolygonCity/Textures/T_PolygonCity_Texture_Roughness.uasset" 675
"../../../../../../Users/J Diddy/Documents/Unreal Projects/ElevatingAction/Content/PolygonCity/Materials/Mat_PolygonCity_Texture_01_A.uasset" 676
"../../../../../../Users/J Diddy/Documents/Unreal Projects/ElevatingAction/Content/PolygonCity/Meshes/Environments/SM_Env_Sidewalk_Straight_02.uasset" 677
"../../../../../../Users/J Diddy/Documents/Unreal Projects/ElevatingAction/Content/ElevatingActionOffice/Blueprints/BP_Env_Street.uasset" 678
"../../../../../../Users/J Diddy/Documents/Unreal Projects/ElevatingAction/Content/ElevatingActionAudio/GameMasterAudio/SecretFileCollection/game_over_dark_bell_chime_01.uasset" 679
"../../../../../../Users/J Diddy/Documents/Unreal Projects/ElevatingAction/Content/ElevatingActionUI/Blueprints/Widget_SpecialAgentOtto_HUD.uasset" 680
"../../../../../../Users/J Diddy/Documents/Unreal Projects/ElevatingAction/Content/PolygonOffice/Meshes/Buildings/SM_Bld_Ceiling_01.uasset" 681
"../../../../../../Users/J Diddy/Documents/Unreal Projects/ElevatingAction/Content/PolygonOffice/Textures/T_PolygonOffice_02_A.uasset" 682
"../../../../../../Users/J Diddy/Documents/Unreal Projects/ElevatingAction/Content/PolygonOffice/Textures/T_PolygonOffice_03_A.uasset" 683
"../../../../../../Users/J Diddy/Documents/Unreal Projects/ElevatingAction/Content/Maps/Office.umap" 684
"../../../../../../Users/J Diddy/Documents/Unreal Projects/ElevatingAction/Content/ElevatingActionUI/Blueprints/Widget_StartMenu.uasset" 685
"../../../../../../Users/J Diddy/Documents/Unreal Projects/ElevatingAction/Content/Maps/StartMenu.umap" 686
"../../../Engine/Content/Maps/Entry_BuiltData.uasset" 687
"../../../Engine/Content/Maps/Entry.umap" 688
